{"uid":"1fd3bd72e2bee30b","name":"Positive_TC_IO_001 - Initial Verification of a New Investor with all mandatory fields","fullName":"AIF_Investor_Onboarding.Test_IO_001#test_site","historyId":"7dad882476d7397d6d10bc6174dcde8e","time":{"start":1753357024318,"stop":1753357038673,"duration":14355},"description":"\n**Test Scenario:**  \nAll the mandatory fields will be filled and form is submitted.\n\n**Expected Result:**  \nIt should redirect to the Investor Profile page.\n\n**How it is evaluated:**  \nVerified by checking if URL changes to `/InvestorProfile`.\n","descriptionHtml":"<p><strong>Test Scenario:</strong><br />\nAll the mandatory fields will be filled and form is submitted.</p>\n<p><strong>Expected Result:</strong><br />\nIt should redirect to the Investor Profile page.</p>\n<p><strong>How it is evaluated:</strong><br />\nVerified by checking if URL changes to <code>/InvestorProfile</code>.</p>\n","status":"broken","statusMessage":"selenium.common.exceptions.TimeoutException: Message: \nStacktrace:\n\tGetHandleVerifier [0x0xfe1af3+62339]\n\tGetHandleVerifier [0x0xfe1b34+62404]\n\t(No symbol) [0x0xe22123]\n\t(No symbol) [0x0xe6a86e]\n\t(No symbol) [0x0xe6ac0b]\n\t(No symbol) [0x0xeb2f72]\n\t(No symbol) [0x0xe8f404]\n\t(No symbol) [0x0xeb07a3]\n\t(No symbol) [0x0xe8f1b6]\n\t(No symbol) [0x0xe5e7a2]\n\t(No symbol) [0x0xe5f644]\n\tGetHandleVerifier [0x0x1256683+2637587]\n\tGetHandleVerifier [0x0x1251a8a+2618138]\n\tGetHandleVerifier [0x0x100856a+220666]\n\tGetHandleVerifier [0x0xff8998+156200]\n\tGetHandleVerifier [0x0xfff12d+182717]\n\tGetHandleVerifier [0x0xfe9a38+94920]\n\tGetHandleVerifier [0x0xfe9bc2+95314]\n\tGetHandleVerifier [0x0xfd4d0a+9626]\n\tBaseThreadInitThunk [0x0x75e87ba9+25]\n\tRtlInitializeExceptionChain [0x0x772cc3ab+107]\n\tRtlClearBits [0x0x772cc32f+191]","statusTrace":"setup = (<selenium.webdriver.chrome.webdriver.WebDriver (session=\"6f8514e70b82c58c2a50869754306010\")>, 'chrome')\nlogin_user = <function login_user.<locals>._login at 0x000002B21F9E4C20>\nclick_element = <function click_element.<locals>._click_element at 0x000002B21F9E4B80>\ntype_into_field = <function type_into_field.<locals>._type_into_field at 0x000002B21F3E58A0>\nselect_dropdown_option = <function select_dropdown_option.<locals>._select_dropdown_option at 0x000002B21F96BEC0>\nrequest = <FixtureRequest for <Function test_site[chrome]>>\n\n    @allure.feature(\"AIF Investor Onboarding\")\n    @allure.title(\"Positive_TC_IO_001 - Initial Verification of a New Investor with all mandatory fields\")\n    @allure.description(\"\"\"\n    **Test Scenario:**\n    All the mandatory fields will be filled and form is submitted.\n    \n    **Expected Result:**\n    It should redirect to the Investor Profile page.\n    \n    **How it is evaluated:**\n    Verified by checking if URL changes to `/InvestorProfile`.\n    \"\"\")\n    def test_site(setup, login_user, click_element, type_into_field, select_dropdown_option, request):\n        driver, browser = setup\n    \n        user_data = user_data_map.get(browser, user_data_map[\"chrome\"])\n    \n        login_user(driver)\n    \n        click_element(driver, \"Navigating to Investor Node\", \"//span[normalize-space()='Investors']\")\n>       click_element(driver, \"Clicking Add Investor\", \"//button[normalize-space()='Add Investor']\")\n\nAIF_Investor_Onboarding\\Test_IO_001.py:45: \n_ _ _ _ _ _ _ _ _ _ _ _ _ _ _ _ _ _ _ _ _ _ _ _ _ _ _ _ _ _ _ _ _ _ _ _ _ _ _ _ _ _ _ _ _ _ _ _ _ _ _ _ _ _ _ _ _ _ _ _ _ _ _ _ _ _ _ _ _ _ _ _ _ _ _ _ _ _ _\nAIF_Investor_Onboarding\\conftest.py:42: in _click_element\n    element = wait.until(EC.element_to_be_clickable((By.XPATH, xpath)))\n              ^^^^^^^^^^^^^^^^^^^^^^^^^^^^^^^^^^^^^^^^^^^^^^^^^^^^^^^^^\n_ _ _ _ _ _ _ _ _ _ _ _ _ _ _ _ _ _ _ _ _ _ _ _ _ _ _ _ _ _ _ _ _ _ _ _ _ _ _ _ _ _ _ _ _ _ _ _ _ _ _ _ _ _ _ _ _ _ _ _ _ _ _ _ _ _ _ _ _ _ _ _ _ _ _ _ _ _ _\n\nself = <selenium.webdriver.support.wait.WebDriverWait (session=\"6f8514e70b82c58c2a50869754306010\")>\nmethod = <function element_to_be_clickable.<locals>._predicate at 0x000002B21F99AFC0>, message = ''\n\n    def until(self, method: Callable[[D], Union[Literal[False], T]], message: str = \"\") -> T:\n        \"\"\"Wait until the method returns a value that is not False.\n    \n        Calls the method provided with the driver as an argument until the\n        return value does not evaluate to ``False``.\n    \n        Parameters:\n        -----------\n        method: callable(WebDriver)\n            - A callable object that takes a WebDriver instance as an argument.\n    \n        message: str\n            - Optional message for :exc:`TimeoutException`\n    \n        Return:\n        -------\n        object: T\n            - The result of the last call to `method`\n    \n        Raises:\n        -------\n        TimeoutException\n            - If 'method' does not return a truthy value within the WebDriverWait\n            object's timeout\n    \n        Example:\n        --------\n        >>> from selenium.webdriver.common.by import By\n        >>> from selenium.webdriver.support.ui import WebDriverWait\n        >>> from selenium.webdriver.support import expected_conditions as EC\n    \n        # Wait until an element is visible on the page\n        >>> wait = WebDriverWait(driver, 10)\n        >>> element = wait.until(EC.visibility_of_element_located((By.ID, \"exampleId\")))\n        >>> print(element.text)\n        \"\"\"\n        screen = None\n        stacktrace = None\n    \n        end_time = time.monotonic() + self._timeout\n        while True:\n            try:\n                value = method(self._driver)\n                if value:\n                    return value\n            except self._ignored_exceptions as exc:\n                screen = getattr(exc, \"screen\", None)\n                stacktrace = getattr(exc, \"stacktrace\", None)\n            if time.monotonic() > end_time:\n                break\n            time.sleep(self._poll)\n>       raise TimeoutException(message, screen, stacktrace)\nE       selenium.common.exceptions.TimeoutException: Message: \nE       Stacktrace:\nE       \tGetHandleVerifier [0x0xfe1af3+62339]\nE       \tGetHandleVerifier [0x0xfe1b34+62404]\nE       \t(No symbol) [0x0xe22123]\nE       \t(No symbol) [0x0xe6a86e]\nE       \t(No symbol) [0x0xe6ac0b]\nE       \t(No symbol) [0x0xeb2f72]\nE       \t(No symbol) [0x0xe8f404]\nE       \t(No symbol) [0x0xeb07a3]\nE       \t(No symbol) [0x0xe8f1b6]\nE       \t(No symbol) [0x0xe5e7a2]\nE       \t(No symbol) [0x0xe5f644]\nE       \tGetHandleVerifier [0x0x1256683+2637587]\nE       \tGetHandleVerifier [0x0x1251a8a+2618138]\nE       \tGetHandleVerifier [0x0x100856a+220666]\nE       \tGetHandleVerifier [0x0xff8998+156200]\nE       \tGetHandleVerifier [0x0xfff12d+182717]\nE       \tGetHandleVerifier [0x0xfe9a38+94920]\nE       \tGetHandleVerifier [0x0xfe9bc2+95314]\nE       \tGetHandleVerifier [0x0xfd4d0a+9626]\nE       \tBaseThreadInitThunk [0x0x75e87ba9+25]\nE       \tRtlInitializeExceptionChain [0x0x772cc3ab+107]\nE       \tRtlClearBits [0x0x772cc32f+191]\n\n.venv\\Lib\\site-packages\\selenium\\webdriver\\support\\wait.py:138: TimeoutException","flaky":false,"newFailed":false,"newBroken":false,"newPassed":false,"retriesCount":6,"retriesStatusChange":true,"beforeStages":[{"name":"setup","time":{"start":1753357021579,"stop":1753357024316,"duration":2737},"status":"passed","steps":[],"attachments":[],"parameters":[],"hasContent":false,"shouldDisplayMessage":false,"attachmentStep":false,"stepsCount":0,"attachmentsCount":0},{"name":"select_dropdown_option","time":{"start":1753357024316,"stop":1753357024317,"duration":1},"status":"passed","steps":[],"attachments":[],"parameters":[],"hasContent":false,"shouldDisplayMessage":false,"attachmentStep":false,"stepsCount":0,"attachmentsCount":0},{"name":"type_into_field","time":{"start":1753357024316,"stop":1753357024316,"duration":0},"status":"passed","steps":[],"attachments":[],"parameters":[],"hasContent":false,"shouldDisplayMessage":false,"attachmentStep":false,"stepsCount":0,"attachmentsCount":0},{"name":"login_user","time":{"start":1753357024316,"stop":1753357024316,"duration":0},"status":"passed","steps":[],"attachments":[],"parameters":[],"hasContent":false,"shouldDisplayMessage":false,"attachmentStep":false,"stepsCount":0,"attachmentsCount":0},{"name":"click_element","time":{"start":1753357024316,"stop":1753357024316,"duration":0},"status":"passed","steps":[],"attachments":[],"parameters":[],"hasContent":false,"shouldDisplayMessage":false,"attachmentStep":false,"stepsCount":0,"attachmentsCount":0}],"testStage":{"description":"\n**Test Scenario:**  \nAll the mandatory fields will be filled and form is submitted.\n\n**Expected Result:**  \nIt should redirect to the Investor Profile page.\n\n**How it is evaluated:**  \nVerified by checking if URL changes to `/InvestorProfile`.\n","status":"broken","statusMessage":"selenium.common.exceptions.TimeoutException: Message: \nStacktrace:\n\tGetHandleVerifier [0x0xfe1af3+62339]\n\tGetHandleVerifier [0x0xfe1b34+62404]\n\t(No symbol) [0x0xe22123]\n\t(No symbol) [0x0xe6a86e]\n\t(No symbol) [0x0xe6ac0b]\n\t(No symbol) [0x0xeb2f72]\n\t(No symbol) [0x0xe8f404]\n\t(No symbol) [0x0xeb07a3]\n\t(No symbol) [0x0xe8f1b6]\n\t(No symbol) [0x0xe5e7a2]\n\t(No symbol) [0x0xe5f644]\n\tGetHandleVerifier [0x0x1256683+2637587]\n\tGetHandleVerifier [0x0x1251a8a+2618138]\n\tGetHandleVerifier [0x0x100856a+220666]\n\tGetHandleVerifier [0x0xff8998+156200]\n\tGetHandleVerifier [0x0xfff12d+182717]\n\tGetHandleVerifier [0x0xfe9a38+94920]\n\tGetHandleVerifier [0x0xfe9bc2+95314]\n\tGetHandleVerifier [0x0xfd4d0a+9626]\n\tBaseThreadInitThunk [0x0x75e87ba9+25]\n\tRtlInitializeExceptionChain [0x0x772cc3ab+107]\n\tRtlClearBits [0x0x772cc32f+191]","statusTrace":"setup = (<selenium.webdriver.chrome.webdriver.WebDriver (session=\"6f8514e70b82c58c2a50869754306010\")>, 'chrome')\nlogin_user = <function login_user.<locals>._login at 0x000002B21F9E4C20>\nclick_element = <function click_element.<locals>._click_element at 0x000002B21F9E4B80>\ntype_into_field = <function type_into_field.<locals>._type_into_field at 0x000002B21F3E58A0>\nselect_dropdown_option = <function select_dropdown_option.<locals>._select_dropdown_option at 0x000002B21F96BEC0>\nrequest = <FixtureRequest for <Function test_site[chrome]>>\n\n    @allure.feature(\"AIF Investor Onboarding\")\n    @allure.title(\"Positive_TC_IO_001 - Initial Verification of a New Investor with all mandatory fields\")\n    @allure.description(\"\"\"\n    **Test Scenario:**\n    All the mandatory fields will be filled and form is submitted.\n    \n    **Expected Result:**\n    It should redirect to the Investor Profile page.\n    \n    **How it is evaluated:**\n    Verified by checking if URL changes to `/InvestorProfile`.\n    \"\"\")\n    def test_site(setup, login_user, click_element, type_into_field, select_dropdown_option, request):\n        driver, browser = setup\n    \n        user_data = user_data_map.get(browser, user_data_map[\"chrome\"])\n    \n        login_user(driver)\n    \n        click_element(driver, \"Navigating to Investor Node\", \"//span[normalize-space()='Investors']\")\n>       click_element(driver, \"Clicking Add Investor\", \"//button[normalize-space()='Add Investor']\")\n\nAIF_Investor_Onboarding\\Test_IO_001.py:45: \n_ _ _ _ _ _ _ _ _ _ _ _ _ _ _ _ _ _ _ _ _ _ _ _ _ _ _ _ _ _ _ _ _ _ _ _ _ _ _ _ _ _ _ _ _ _ _ _ _ _ _ _ _ _ _ _ _ _ _ _ _ _ _ _ _ _ _ _ _ _ _ _ _ _ _ _ _ _ _\nAIF_Investor_Onboarding\\conftest.py:42: in _click_element\n    element = wait.until(EC.element_to_be_clickable((By.XPATH, xpath)))\n              ^^^^^^^^^^^^^^^^^^^^^^^^^^^^^^^^^^^^^^^^^^^^^^^^^^^^^^^^^\n_ _ _ _ _ _ _ _ _ _ _ _ _ _ _ _ _ _ _ _ _ _ _ _ _ _ _ _ _ _ _ _ _ _ _ _ _ _ _ _ _ _ _ _ _ _ _ _ _ _ _ _ _ _ _ _ _ _ _ _ _ _ _ _ _ _ _ _ _ _ _ _ _ _ _ _ _ _ _\n\nself = <selenium.webdriver.support.wait.WebDriverWait (session=\"6f8514e70b82c58c2a50869754306010\")>\nmethod = <function element_to_be_clickable.<locals>._predicate at 0x000002B21F99AFC0>, message = ''\n\n    def until(self, method: Callable[[D], Union[Literal[False], T]], message: str = \"\") -> T:\n        \"\"\"Wait until the method returns a value that is not False.\n    \n        Calls the method provided with the driver as an argument until the\n        return value does not evaluate to ``False``.\n    \n        Parameters:\n        -----------\n        method: callable(WebDriver)\n            - A callable object that takes a WebDriver instance as an argument.\n    \n        message: str\n            - Optional message for :exc:`TimeoutException`\n    \n        Return:\n        -------\n        object: T\n            - The result of the last call to `method`\n    \n        Raises:\n        -------\n        TimeoutException\n            - If 'method' does not return a truthy value within the WebDriverWait\n            object's timeout\n    \n        Example:\n        --------\n        >>> from selenium.webdriver.common.by import By\n        >>> from selenium.webdriver.support.ui import WebDriverWait\n        >>> from selenium.webdriver.support import expected_conditions as EC\n    \n        # Wait until an element is visible on the page\n        >>> wait = WebDriverWait(driver, 10)\n        >>> element = wait.until(EC.visibility_of_element_located((By.ID, \"exampleId\")))\n        >>> print(element.text)\n        \"\"\"\n        screen = None\n        stacktrace = None\n    \n        end_time = time.monotonic() + self._timeout\n        while True:\n            try:\n                value = method(self._driver)\n                if value:\n                    return value\n            except self._ignored_exceptions as exc:\n                screen = getattr(exc, \"screen\", None)\n                stacktrace = getattr(exc, \"stacktrace\", None)\n            if time.monotonic() > end_time:\n                break\n            time.sleep(self._poll)\n>       raise TimeoutException(message, screen, stacktrace)\nE       selenium.common.exceptions.TimeoutException: Message: \nE       Stacktrace:\nE       \tGetHandleVerifier [0x0xfe1af3+62339]\nE       \tGetHandleVerifier [0x0xfe1b34+62404]\nE       \t(No symbol) [0x0xe22123]\nE       \t(No symbol) [0x0xe6a86e]\nE       \t(No symbol) [0x0xe6ac0b]\nE       \t(No symbol) [0x0xeb2f72]\nE       \t(No symbol) [0x0xe8f404]\nE       \t(No symbol) [0x0xeb07a3]\nE       \t(No symbol) [0x0xe8f1b6]\nE       \t(No symbol) [0x0xe5e7a2]\nE       \t(No symbol) [0x0xe5f644]\nE       \tGetHandleVerifier [0x0x1256683+2637587]\nE       \tGetHandleVerifier [0x0x1251a8a+2618138]\nE       \tGetHandleVerifier [0x0x100856a+220666]\nE       \tGetHandleVerifier [0x0xff8998+156200]\nE       \tGetHandleVerifier [0x0xfff12d+182717]\nE       \tGetHandleVerifier [0x0xfe9a38+94920]\nE       \tGetHandleVerifier [0x0xfe9bc2+95314]\nE       \tGetHandleVerifier [0x0xfd4d0a+9626]\nE       \tBaseThreadInitThunk [0x0x75e87ba9+25]\nE       \tRtlInitializeExceptionChain [0x0x772cc3ab+107]\nE       \tRtlClearBits [0x0x772cc32f+191]\n\n.venv\\Lib\\site-packages\\selenium\\webdriver\\support\\wait.py:138: TimeoutException","steps":[{"name":"Enter Email","time":{"start":1753357025984,"stop":1753357026195,"duration":211},"status":"passed","steps":[],"attachments":[],"parameters":[],"hasContent":false,"shouldDisplayMessage":false,"attachmentStep":false,"stepsCount":0,"attachmentsCount":0},{"name":"Enter Password","time":{"start":1753357026195,"stop":1753357026309,"duration":114},"status":"passed","steps":[],"attachments":[],"parameters":[],"hasContent":false,"shouldDisplayMessage":false,"attachmentStep":false,"stepsCount":0,"attachmentsCount":0},{"name":"Click Login Button","time":{"start":1753357026309,"stop":1753357026378,"duration":69},"status":"passed","steps":[],"attachments":[],"parameters":[],"hasContent":false,"shouldDisplayMessage":false,"attachmentStep":false,"stepsCount":0,"attachmentsCount":0},{"name":"Navigating to Investor Node","time":{"start":1753357028024,"stop":1753357028294,"duration":270},"status":"passed","steps":[],"attachments":[],"parameters":[],"hasContent":false,"shouldDisplayMessage":false,"attachmentStep":false,"stepsCount":0,"attachmentsCount":0},{"name":"Clicking Add Investor","time":{"start":1753357028294,"stop":1753357038648,"duration":10354},"status":"broken","statusMessage":"selenium.common.exceptions.TimeoutException: Message: \nStacktrace:\n\tGetHandleVerifier [0x0xfe1af3+62339]\n\tGetHandleVerifier [0x0xfe1b34+62404]\n\t(No symbol) [0x0xe22123]\n\t(No symbol) [0x0xe6a86e]\n\t(No symbol) [0x0xe6ac0b]\n\t(No symbol) [0x0xeb2f72]\n\t(No symbol) [0x0xe8f404]\n\t(No symbol) [0x0xeb07a3]\n\t(No symbol) [0x0xe8f1b6]\n\t(No symbol) [0x0xe5e7a2]\n\t(No symbol) [0x0xe5f644]\n\tGetHandleVerifier [0x0x1256683+2637587]\n\tGetHandleVerifier [0x0x1251a8a+2618138]\n\tGetHandleVerifier [0x0x100856a+220666]\n\tGetHandleVerifier [0x0xff8998+156200]\n\tGetHandleVerifier [0x0xfff12d+182717]\n\tGetHandleVerifier [0x0xfe9a38+94920]\n\tGetHandleVerifier [0x0xfe9bc2+95314]\n\tGetHandleVerifier [0x0xfd4d0a+9626]\n\tBaseThreadInitThunk [0x0x75e87ba9+25]\n\tRtlInitializeExceptionChain [0x0x772cc3ab+107]\n\tRtlClearBits [0x0x772cc32f+191]\n\n","statusTrace":"  File \"C:\\Users\\Chetan KM\\PycharmProjects\\TestingProject\\AIF_Investor_Onboarding\\conftest.py\", line 42, in _click_element\n    element = wait.until(EC.element_to_be_clickable((By.XPATH, xpath)))\n  File \"C:\\Users\\Chetan KM\\PycharmProjects\\TestingProject\\.venv\\Lib\\site-packages\\selenium\\webdriver\\support\\wait.py\", line 138, in until\n    raise TimeoutException(message, screen, stacktrace)\n","steps":[],"attachments":[],"parameters":[],"hasContent":true,"shouldDisplayMessage":true,"attachmentStep":false,"stepsCount":0,"attachmentsCount":0}],"attachments":[],"parameters":[],"hasContent":true,"shouldDisplayMessage":true,"attachmentStep":false,"stepsCount":5,"attachmentsCount":0},"afterStages":[{"name":"setup::0","time":{"start":1753357038853,"stop":1753357041109,"duration":2256},"status":"passed","steps":[],"attachments":[],"parameters":[],"hasContent":false,"shouldDisplayMessage":false,"attachmentStep":false,"stepsCount":0,"attachmentsCount":0}],"labels":[{"name":"feature","value":"AIF Investor Onboarding"},{"name":"parentSuite","value":"AIF_Investor_Onboarding"},{"name":"suite","value":"Test_IO_001"},{"name":"host","value":"HP"},{"name":"thread","value":"10284-MainThread"},{"name":"framework","value":"pytest"},{"name":"language","value":"cpython3"},{"name":"package","value":"AIF_Investor_Onboarding.Test_IO_001"},{"name":"resultFormat","value":"allure2"}],"parameters":[{"name":"setup","value":"'chrome'"}],"links":[],"hidden":false,"retry":false,"extra":{"severity":"normal","retries":[{"uid":"9059e924fa2b9a11","status":"passed","time":{"start":1753356013607,"stop":1753356025707,"duration":12100}},{"uid":"4c62c6d81ebc5d7a","status":"passed","time":{"start":1753352468998,"stop":1753352487127,"duration":18129}},{"uid":"b4089409e0fc0be","status":"passed","time":{"start":1753351109833,"stop":1753351123000,"duration":13167}},{"uid":"b9e41a1db33c29df","status":"passed","time":{"start":1753350345927,"stop":1753350359162,"duration":13235}},{"uid":"de200f933191b022","status":"passed","time":{"start":1753350107550,"stop":1753350121414,"duration":13864}},{"uid":"9534be9f2208e212","status":"passed","time":{"start":1753348878867,"stop":1753348893389,"duration":14522}}],"categories":[{"name":"Test defects","matchedStatuses":[]}],"tags":[]},"source":"1fd3bd72e2bee30b.json","parameterValues":["'chrome'"]}