{"uid":"270aab04d41f13d2","name":"TC003 - Login with Invalid Password","fullName":"Xeed_Login_Page.Test_TC003#test_site","historyId":"670b7b30bfaddb49aad8eee01b2af4cf","time":{"start":1749207245698,"stop":1749207258548,"duration":12850},"description":"\n**Test Scenario:**  \nAttempt to log in using an invalid password  \nUsername: Rohit  \nPassword: 9902@KM\n\n**Expected Result:**  \nUser should not be able to log in.\n\n**How it is evaluated:**  \nThis is verified by checking the URL change; if the login is successful, the URL changes to `/dashboard`.\n","descriptionHtml":"<p><strong>Test Scenario:</strong><br />\nAttempt to log in using an invalid password<br />\nUsername: Rohit<br />\nPassword: 9902@KM</p>\n<p><strong>Expected Result:</strong><br />\nUser should not be able to log in.</p>\n<p><strong>How it is evaluated:</strong><br />\nThis is verified by checking the URL change; if the login is successful, the URL changes to <code>/dashboard</code>.</p>\n","status":"failed","statusMessage":"Failed: Login failed - URL did not change to dashboard","statusTrace":"setup = <selenium.webdriver.chrome.webdriver.WebDriver (session=\"bafc3ef61595b1cac9c72bde7d657975\")>\n\n    @allure.feature(\"XEED_Ventures_Login_Page\")\n    @allure.title(\"TC003 - Login with Invalid Password\")\n    @allure.description(\"\"\"\n    **Test Scenario:**\n    Attempt to log in using an invalid password\n    Username: Rohit\n    Password: 9902@KM\n    \n    **Expected Result:**\n    User should not be able to log in.\n    \n    **How it is evaluated:**\n    This is verified by checking the URL change; if the login is successful, the URL changes to `/dashboard`.\n    \"\"\")\n    \n    def test_site(setup):\n        driver = setup\n        wait = WebDriverWait(driver, 10)\n    \n        with allure.step(\"Login Page is Opened\"):\n            driver.get(\"http://157.15.202.244:88/authentication/login\")\n    \n        with allure.step(\"Waiting until the username field is displayed and it is clicked\"):\n            element = wait.until(EC.element_to_be_clickable((By.XPATH, \"//input[@id='username']\")))\n            element.click()\n    \n        with allure.step(\"Typing the valid username\"):\n            element.send_keys(\"Rohit\")\n    \n        with allure.step(\"Waiting until the password field is displayed and it is clicked\"):\n            element = wait.until(EC.element_to_be_clickable((By.XPATH, \"//input[@id='password']\")))\n            element.click()\n    \n        with allure.step(\"Typing the invalid password\"):\n            element.send_keys(\"9902@KM\")\n    \n        with allure.step(\"Clicking the login button\"):\n            element = wait.until(EC.element_to_be_clickable((By.XPATH, \"//button[normalize-space()='Login']\")))\n            element.click()\n    \n        with allure.step(\"Waiting for the URL to change to dashboard\"):\n            try:\n>               wait.until(EC.url_contains(\"/dashboard\"))\n\nXeed_Login_Page\\Test_TC003.py:49: \n_ _ _ _ _ _ _ _ _ _ _ _ _ _ _ _ _ _ _ _ _ _ _ _ _ _ _ _ _ _ _ _ _ _ _ _ _ _ _ _ _ _ _ _ _ _ _ _ _ _ _ _ _ _ _ _ _ _ _ _ _ _ _ _ _ _ _ _ _ _ _ _ _ _ _ _ _ _ _ _ _ _ _ _ _ _ _ _ _ _ _ _\n\nself = <selenium.webdriver.support.wait.WebDriverWait (session=\"bafc3ef61595b1cac9c72bde7d657975\")>, method = <function url_contains.<locals>._predicate at 0x000001CEA5E6ECA0>\nmessage = ''\n\n    def until(self, method: Callable[[D], Union[Literal[False], T]], message: str = \"\") -> T:\n        \"\"\"Wait until the method returns a value that is not False.\n    \n        Calls the method provided with the driver as an argument until the\n        return value does not evaluate to ``False``.\n    \n        Parameters:\n        -----------\n        method: callable(WebDriver)\n            - A callable object that takes a WebDriver instance as an argument.\n    \n        message: str\n            - Optional message for :exc:`TimeoutException`\n    \n        Return:\n        -------\n        object: T\n            - The result of the last call to `method`\n    \n        Raises:\n        -------\n        TimeoutException\n            - If 'method' does not return a truthy value within the WebDriverWait\n            object's timeout\n    \n        Example:\n        --------\n        >>> from selenium.webdriver.common.by import By\n        >>> from selenium.webdriver.support.ui import WebDriverWait\n        >>> from selenium.webdriver.support import expected_conditions as EC\n    \n        # Wait until an element is visible on the page\n        >>> wait = WebDriverWait(driver, 10)\n        >>> element = wait.until(EC.visibility_of_element_located((By.ID, \"exampleId\")))\n        >>> print(element.text)\n        \"\"\"\n        screen = None\n        stacktrace = None\n    \n        end_time = time.monotonic() + self._timeout\n        while True:\n            try:\n                value = method(self._driver)\n                if value:\n                    return value\n            except self._ignored_exceptions as exc:\n                screen = getattr(exc, \"screen\", None)\n                stacktrace = getattr(exc, \"stacktrace\", None)\n            if time.monotonic() > end_time:\n                break\n            time.sleep(self._poll)\n>       raise TimeoutException(message, screen, stacktrace)\nE       selenium.common.exceptions.TimeoutException: Message:\n\nvenv\\Lib\\site-packages\\selenium\\webdriver\\support\\wait.py:146: TimeoutException\n\nDuring handling of the above exception, another exception occurred:\n\nsetup = <selenium.webdriver.chrome.webdriver.WebDriver (session=\"bafc3ef61595b1cac9c72bde7d657975\")>\n\n    @allure.feature(\"XEED_Ventures_Login_Page\")\n    @allure.title(\"TC003 - Login with Invalid Password\")\n    @allure.description(\"\"\"\n    **Test Scenario:**\n    Attempt to log in using an invalid password\n    Username: Rohit\n    Password: 9902@KM\n    \n    **Expected Result:**\n    User should not be able to log in.\n    \n    **How it is evaluated:**\n    This is verified by checking the URL change; if the login is successful, the URL changes to `/dashboard`.\n    \"\"\")\n    \n    def test_site(setup):\n        driver = setup\n        wait = WebDriverWait(driver, 10)\n    \n        with allure.step(\"Login Page is Opened\"):\n            driver.get(\"http://157.15.202.244:88/authentication/login\")\n    \n        with allure.step(\"Waiting until the username field is displayed and it is clicked\"):\n            element = wait.until(EC.element_to_be_clickable((By.XPATH, \"//input[@id='username']\")))\n            element.click()\n    \n        with allure.step(\"Typing the valid username\"):\n            element.send_keys(\"Rohit\")\n    \n        with allure.step(\"Waiting until the password field is displayed and it is clicked\"):\n            element = wait.until(EC.element_to_be_clickable((By.XPATH, \"//input[@id='password']\")))\n            element.click()\n    \n        with allure.step(\"Typing the invalid password\"):\n            element.send_keys(\"9902@KM\")\n    \n        with allure.step(\"Clicking the login button\"):\n            element = wait.until(EC.element_to_be_clickable((By.XPATH, \"//button[normalize-space()='Login']\")))\n            element.click()\n    \n        with allure.step(\"Waiting for the URL to change to dashboard\"):\n            try:\n                wait.until(EC.url_contains(\"/dashboard\"))\n            except:\n                allure.attach(driver.current_url, name=\"Current URL on failure\", attachment_type=allure.attachment_type.TEXT)\n>               pytest.fail(\"Login failed - URL did not change to dashboard\")\nE               Failed: Login failed - URL did not change to dashboard\n\nXeed_Login_Page\\Test_TC003.py:52: Failed","flaky":false,"newFailed":false,"newBroken":false,"newPassed":false,"retriesCount":0,"retriesStatusChange":false,"beforeStages":[{"name":"setup","time":{"start":1749207241757,"stop":1749207245697,"duration":3940},"status":"passed","steps":[],"attachments":[],"parameters":[],"stepsCount":0,"attachmentsCount":0,"shouldDisplayMessage":false,"attachmentStep":false,"hasContent":false}],"testStage":{"description":"\n**Test Scenario:**  \nAttempt to log in using an invalid password  \nUsername: Rohit  \nPassword: 9902@KM\n\n**Expected Result:**  \nUser should not be able to log in.\n\n**How it is evaluated:**  \nThis is verified by checking the URL change; if the login is successful, the URL changes to `/dashboard`.\n","status":"failed","statusMessage":"Failed: Login failed - URL did not change to dashboard","statusTrace":"setup = <selenium.webdriver.chrome.webdriver.WebDriver (session=\"bafc3ef61595b1cac9c72bde7d657975\")>\n\n    @allure.feature(\"XEED_Ventures_Login_Page\")\n    @allure.title(\"TC003 - Login with Invalid Password\")\n    @allure.description(\"\"\"\n    **Test Scenario:**\n    Attempt to log in using an invalid password\n    Username: Rohit\n    Password: 9902@KM\n    \n    **Expected Result:**\n    User should not be able to log in.\n    \n    **How it is evaluated:**\n    This is verified by checking the URL change; if the login is successful, the URL changes to `/dashboard`.\n    \"\"\")\n    \n    def test_site(setup):\n        driver = setup\n        wait = WebDriverWait(driver, 10)\n    \n        with allure.step(\"Login Page is Opened\"):\n            driver.get(\"http://157.15.202.244:88/authentication/login\")\n    \n        with allure.step(\"Waiting until the username field is displayed and it is clicked\"):\n            element = wait.until(EC.element_to_be_clickable((By.XPATH, \"//input[@id='username']\")))\n            element.click()\n    \n        with allure.step(\"Typing the valid username\"):\n            element.send_keys(\"Rohit\")\n    \n        with allure.step(\"Waiting until the password field is displayed and it is clicked\"):\n            element = wait.until(EC.element_to_be_clickable((By.XPATH, \"//input[@id='password']\")))\n            element.click()\n    \n        with allure.step(\"Typing the invalid password\"):\n            element.send_keys(\"9902@KM\")\n    \n        with allure.step(\"Clicking the login button\"):\n            element = wait.until(EC.element_to_be_clickable((By.XPATH, \"//button[normalize-space()='Login']\")))\n            element.click()\n    \n        with allure.step(\"Waiting for the URL to change to dashboard\"):\n            try:\n>               wait.until(EC.url_contains(\"/dashboard\"))\n\nXeed_Login_Page\\Test_TC003.py:49: \n_ _ _ _ _ _ _ _ _ _ _ _ _ _ _ _ _ _ _ _ _ _ _ _ _ _ _ _ _ _ _ _ _ _ _ _ _ _ _ _ _ _ _ _ _ _ _ _ _ _ _ _ _ _ _ _ _ _ _ _ _ _ _ _ _ _ _ _ _ _ _ _ _ _ _ _ _ _ _ _ _ _ _ _ _ _ _ _ _ _ _ _\n\nself = <selenium.webdriver.support.wait.WebDriverWait (session=\"bafc3ef61595b1cac9c72bde7d657975\")>, method = <function url_contains.<locals>._predicate at 0x000001CEA5E6ECA0>\nmessage = ''\n\n    def until(self, method: Callable[[D], Union[Literal[False], T]], message: str = \"\") -> T:\n        \"\"\"Wait until the method returns a value that is not False.\n    \n        Calls the method provided with the driver as an argument until the\n        return value does not evaluate to ``False``.\n    \n        Parameters:\n        -----------\n        method: callable(WebDriver)\n            - A callable object that takes a WebDriver instance as an argument.\n    \n        message: str\n            - Optional message for :exc:`TimeoutException`\n    \n        Return:\n        -------\n        object: T\n            - The result of the last call to `method`\n    \n        Raises:\n        -------\n        TimeoutException\n            - If 'method' does not return a truthy value within the WebDriverWait\n            object's timeout\n    \n        Example:\n        --------\n        >>> from selenium.webdriver.common.by import By\n        >>> from selenium.webdriver.support.ui import WebDriverWait\n        >>> from selenium.webdriver.support import expected_conditions as EC\n    \n        # Wait until an element is visible on the page\n        >>> wait = WebDriverWait(driver, 10)\n        >>> element = wait.until(EC.visibility_of_element_located((By.ID, \"exampleId\")))\n        >>> print(element.text)\n        \"\"\"\n        screen = None\n        stacktrace = None\n    \n        end_time = time.monotonic() + self._timeout\n        while True:\n            try:\n                value = method(self._driver)\n                if value:\n                    return value\n            except self._ignored_exceptions as exc:\n                screen = getattr(exc, \"screen\", None)\n                stacktrace = getattr(exc, \"stacktrace\", None)\n            if time.monotonic() > end_time:\n                break\n            time.sleep(self._poll)\n>       raise TimeoutException(message, screen, stacktrace)\nE       selenium.common.exceptions.TimeoutException: Message:\n\nvenv\\Lib\\site-packages\\selenium\\webdriver\\support\\wait.py:146: TimeoutException\n\nDuring handling of the above exception, another exception occurred:\n\nsetup = <selenium.webdriver.chrome.webdriver.WebDriver (session=\"bafc3ef61595b1cac9c72bde7d657975\")>\n\n    @allure.feature(\"XEED_Ventures_Login_Page\")\n    @allure.title(\"TC003 - Login with Invalid Password\")\n    @allure.description(\"\"\"\n    **Test Scenario:**\n    Attempt to log in using an invalid password\n    Username: Rohit\n    Password: 9902@KM\n    \n    **Expected Result:**\n    User should not be able to log in.\n    \n    **How it is evaluated:**\n    This is verified by checking the URL change; if the login is successful, the URL changes to `/dashboard`.\n    \"\"\")\n    \n    def test_site(setup):\n        driver = setup\n        wait = WebDriverWait(driver, 10)\n    \n        with allure.step(\"Login Page is Opened\"):\n            driver.get(\"http://157.15.202.244:88/authentication/login\")\n    \n        with allure.step(\"Waiting until the username field is displayed and it is clicked\"):\n            element = wait.until(EC.element_to_be_clickable((By.XPATH, \"//input[@id='username']\")))\n            element.click()\n    \n        with allure.step(\"Typing the valid username\"):\n            element.send_keys(\"Rohit\")\n    \n        with allure.step(\"Waiting until the password field is displayed and it is clicked\"):\n            element = wait.until(EC.element_to_be_clickable((By.XPATH, \"//input[@id='password']\")))\n            element.click()\n    \n        with allure.step(\"Typing the invalid password\"):\n            element.send_keys(\"9902@KM\")\n    \n        with allure.step(\"Clicking the login button\"):\n            element = wait.until(EC.element_to_be_clickable((By.XPATH, \"//button[normalize-space()='Login']\")))\n            element.click()\n    \n        with allure.step(\"Waiting for the URL to change to dashboard\"):\n            try:\n                wait.until(EC.url_contains(\"/dashboard\"))\n            except:\n                allure.attach(driver.current_url, name=\"Current URL on failure\", attachment_type=allure.attachment_type.TEXT)\n>               pytest.fail(\"Login failed - URL did not change to dashboard\")\nE               Failed: Login failed - URL did not change to dashboard\n\nXeed_Login_Page\\Test_TC003.py:52: Failed","steps":[{"name":"Login Page is Opened","time":{"start":1749207245698,"stop":1749207248027,"duration":2329},"status":"passed","steps":[],"attachments":[],"parameters":[],"stepsCount":0,"attachmentsCount":0,"shouldDisplayMessage":false,"attachmentStep":false,"hasContent":false},{"name":"Waiting until the username field is displayed and it is clicked","time":{"start":1749207248027,"stop":1749207248158,"duration":131},"status":"passed","steps":[],"attachments":[],"parameters":[],"stepsCount":0,"attachmentsCount":0,"shouldDisplayMessage":false,"attachmentStep":false,"hasContent":false},{"name":"Typing the valid username","time":{"start":1749207248158,"stop":1749207248201,"duration":43},"status":"passed","steps":[],"attachments":[],"parameters":[],"stepsCount":0,"attachmentsCount":0,"shouldDisplayMessage":false,"attachmentStep":false,"hasContent":false},{"name":"Waiting until the password field is displayed and it is clicked","time":{"start":1749207248201,"stop":1749207248298,"duration":97},"status":"passed","steps":[],"attachments":[],"parameters":[],"stepsCount":0,"attachmentsCount":0,"shouldDisplayMessage":false,"attachmentStep":false,"hasContent":false},{"name":"Typing the invalid password","time":{"start":1749207248298,"stop":1749207248336,"duration":38},"status":"passed","steps":[],"attachments":[],"parameters":[],"stepsCount":0,"attachmentsCount":0,"shouldDisplayMessage":false,"attachmentStep":false,"hasContent":false},{"name":"Clicking the login button","time":{"start":1749207248336,"stop":1749207248409,"duration":73},"status":"passed","steps":[],"attachments":[],"parameters":[],"stepsCount":0,"attachmentsCount":0,"shouldDisplayMessage":false,"attachmentStep":false,"hasContent":false},{"name":"Waiting for the URL to change to dashboard","time":{"start":1749207248409,"stop":1749207258544,"duration":10135},"status":"failed","statusMessage":"Failed: Login failed - URL did not change to dashboard\n","statusTrace":"  File \"C:\\Users\\sagar\\PycharmProjects\\TestingProject\\Xeed_Login_Page\\Test_TC003.py\", line 52, in test_site\n    pytest.fail(\"Login failed - URL did not change to dashboard\")\n    ~~~~~~~~~~~^^^^^^^^^^^^^^^^^^^^^^^^^^^^^^^^^^^^^^^^^^^^^^^^^^\n  File \"C:\\Users\\sagar\\PycharmProjects\\TestingProject\\venv\\Lib\\site-packages\\_pytest\\outcomes.py\", line 178, in fail\n    raise Failed(msg=reason, pytrace=pytrace)\n","steps":[],"attachments":[{"uid":"decf7944ff492fc6","name":"Current URL on failure","source":"decf7944ff492fc6.txt","type":"text/plain","size":45}],"parameters":[],"stepsCount":0,"attachmentsCount":1,"shouldDisplayMessage":true,"attachmentStep":false,"hasContent":true}],"attachments":[],"parameters":[],"stepsCount":7,"attachmentsCount":1,"shouldDisplayMessage":true,"attachmentStep":false,"hasContent":true},"afterStages":[{"name":"setup::0","time":{"start":1749207258557,"stop":1749207260922,"duration":2365},"status":"passed","steps":[],"attachments":[],"parameters":[],"stepsCount":0,"attachmentsCount":0,"shouldDisplayMessage":false,"attachmentStep":false,"hasContent":false}],"labels":[{"name":"feature","value":"XEED_Ventures_Login_Page"},{"name":"parentSuite","value":"Xeed_Login_Page"},{"name":"suite","value":"Test_TC003"},{"name":"host","value":"DESKTOP-0Q1NQ4H"},{"name":"thread","value":"40464-MainThread"},{"name":"framework","value":"pytest"},{"name":"language","value":"cpython3"},{"name":"package","value":"Xeed_Login_Page.Test_TC003"},{"name":"resultFormat","value":"allure2"}],"parameters":[{"name":"setup","value":"'chrome'"}],"links":[],"hidden":true,"retry":true,"extra":{"categories":[],"tags":[]},"source":"270aab04d41f13d2.json","parameterValues":["'chrome'"]}