{"uid":"3f2014fdb5a1cc0","name":"TC015 - Testing the **Passwords do not match** text","fullName":"Xeed_Login_Page.Test_TC014#test_suite","historyId":"ab6834bf879f307d699dd1b4f52c19f0","time":{"start":1750151103743,"stop":1750151116092,"duration":12349},"description":"\n**Test Type**  \nFunctional and cross-browser testing\n\n**Test Scenario**\nEntering the email, new password but entering different password in confirm password field and waiting till the **Passwords do not match text**\n\n**Input data**\nEmail: Sk12@gmail.com\nNew Password: cpktnwt\nConfirm Password: chethan\n\n**Test passes if**\nThe **Valid email is required** text is displayed.\n","descriptionHtml":"<p><strong>Test Type</strong><br />\nFunctional and cross-browser testing</p>\n<p><strong>Test Scenario</strong><br />\nEntering the email, new password but entering different password in confirm password field and waiting till the <strong>Passwords do not match text</strong></p>\n<p><strong>Input data</strong><br />\nEmail: Sk12@gmail.com<br />\nNew Password: cpktnwt<br />\nConfirm Password: chethan</p>\n<p><strong>Test passes if</strong><br />\nThe <strong>Valid email is required</strong> text is displayed.</p>\n","status":"broken","statusMessage":"selenium.common.exceptions.TimeoutException: Message: \nStacktrace:\n\tGetHandleVerifier [0x0xa53783+63299]\n\tGetHandleVerifier [0x0xa537c4+63364]\n\t(No symbol) [0x0x881113]\n\t(No symbol) [0x0x8c987e]\n\t(No symbol) [0x0x8c9c1b]\n\t(No symbol) [0x0x912212]\n\t(No symbol) [0x0x8ee5c4]\n\t(No symbol) [0x0x90fa4a]\n\t(No symbol) [0x0x8ee376]\n\t(No symbol) [0x0x8bd6e0]\n\t(No symbol) [0x0x8be544]\n\tGetHandleVerifier [0x0xcae073+2531379]\n\tGetHandleVerifier [0x0xca9372+2511666]\n\tGetHandleVerifier [0x0xa79efa+220858]\n\tGetHandleVerifier [0x0xa6a548+156936]\n\tGetHandleVerifier [0x0xa70c7d+183357]\n\tGetHandleVerifier [0x0xa5b6e8+95912]\n\tGetHandleVerifier [0x0xa5b890+96336]\n\tGetHandleVerifier [0x0xa4666a+9770]\n\tBaseThreadInitThunk [0x0x76925d49+25]\n\tRtlInitializeExceptionChain [0x0x77e2d09b+107]\n\tRtlGetAppContainerNamedObjectPath [0x0x77e2d021+561]","statusTrace":"setup = <selenium.webdriver.chrome.webdriver.WebDriver (session=\"d25406d7d650fff7a9a4d11a2fbdbced\")>\n\n    @allure.feature(\"XEED_Ventures_Login_Page\")\n    @allure.title(\"TC015 - Testing the **Passwords do not match** text\")\n    @allure.description(\"\"\"\n    **Test Type**\n    Functional and cross-browser testing\n    \n    **Test Scenario**\n    Entering the email, new password but entering different password in confirm password field and waiting till the **Passwords do not match text**\n    \n    **Input data**\n    Email: Sk12@gmail.com\n    New Password: cpktnwt\n    Confirm Password: chethan\n    \n    **Test passes if**\n    The **Valid email is required** text is displayed.\n    \"\"\")\n    \n    def test_suite(setup):\n        driver = setup\n        wait = WebDriverWait(driver, 10)\n    \n        with allure.step(\"Login Page is opened\"):\n            driver.get(\"http://157.15.202.244:99/authentication/login\")\n    \n        with allure.step(\"Clicking on 'Forgot Password?' link\"):\n            element = wait.until(EC.element_to_be_clickable((By.XPATH, \"//a[normalize-space()='Forgot Password?']\")))\n            element.click()\n    \n        with allure.step(\"Entering the Email\"):\n            element = wait.until(EC.element_to_be_clickable((By.XPATH, \"//input[@formcontrolname='email']\")))\n            element.click()\n            element.send_keys(\"Sk12@gmail.com\")\n    \n        with allure.step(\"Entering the NewPassword\"):\n            element = wait.until(EC.element_to_be_clickable((By.XPATH, \"//input[@formcontrolname='newPassword']\")))\n            element.click()\n            element.send_keys(\"cpktnwt\")\n    \n        with allure.step(\"Entering the password in Confirm Password field\"):\n            element = wait.until(EC.element_to_be_clickable((By.XPATH, \"//input[@formcontrolname='confirmPassword']\")))\n            element.click()\n            element.send_keys(\"chethan\")\n    \n        with allure.step(\"Validating 'Passwords do not match' error is shown\"):\n>           element = wait.until(EC.visibility_of_element_located((By.XPATH, \"//div[@class='error ng-star-inserted']\")))\n\nXeed_Login_Page\\Test_TC014.py:52: \n_ _ _ _ _ _ _ _ _ _ _ _ _ _ _ _ _ _ _ _ _ _ _ _ _ _ _ _ _ _ _ _ _ _ _ _ _ _ _ _ _ _ _ _ _ _ _ _ _ _ _ _ _ _ _ _ _ _ _ _ _ _ _ _ _ _ _ _ _ _ _ _ _ _ _ _ _ _ _ _ _ _ _ _ _ _ _ _ _ _ _ _\n\nself = <selenium.webdriver.support.wait.WebDriverWait (session=\"d25406d7d650fff7a9a4d11a2fbdbced\")>\nmethod = <function visibility_of_element_located.<locals>._predicate at 0x000001B388E374C0>, message = ''\n\n    def until(self, method: Callable[[D], Union[Literal[False], T]], message: str = \"\") -> T:\n        \"\"\"Wait until the method returns a value that is not False.\n    \n        Calls the method provided with the driver as an argument until the\n        return value does not evaluate to ``False``.\n    \n        Parameters:\n        -----------\n        method: callable(WebDriver)\n            - A callable object that takes a WebDriver instance as an argument.\n    \n        message: str\n            - Optional message for :exc:`TimeoutException`\n    \n        Return:\n        -------\n        object: T\n            - The result of the last call to `method`\n    \n        Raises:\n        -------\n        TimeoutException\n            - If 'method' does not return a truthy value within the WebDriverWait\n            object's timeout\n    \n        Example:\n        --------\n        >>> from selenium.webdriver.common.by import By\n        >>> from selenium.webdriver.support.ui import WebDriverWait\n        >>> from selenium.webdriver.support import expected_conditions as EC\n    \n        # Wait until an element is visible on the page\n        >>> wait = WebDriverWait(driver, 10)\n        >>> element = wait.until(EC.visibility_of_element_located((By.ID, \"exampleId\")))\n        >>> print(element.text)\n        \"\"\"\n        screen = None\n        stacktrace = None\n    \n        end_time = time.monotonic() + self._timeout\n        while True:\n            try:\n                value = method(self._driver)\n                if value:\n                    return value\n            except self._ignored_exceptions as exc:\n                screen = getattr(exc, \"screen\", None)\n                stacktrace = getattr(exc, \"stacktrace\", None)\n            if time.monotonic() > end_time:\n                break\n            time.sleep(self._poll)\n>       raise TimeoutException(message, screen, stacktrace)\nE       selenium.common.exceptions.TimeoutException: Message: \nE       Stacktrace:\nE       \tGetHandleVerifier [0x0xa53783+63299]\nE       \tGetHandleVerifier [0x0xa537c4+63364]\nE       \t(No symbol) [0x0x881113]\nE       \t(No symbol) [0x0x8c987e]\nE       \t(No symbol) [0x0x8c9c1b]\nE       \t(No symbol) [0x0x912212]\nE       \t(No symbol) [0x0x8ee5c4]\nE       \t(No symbol) [0x0x90fa4a]\nE       \t(No symbol) [0x0x8ee376]\nE       \t(No symbol) [0x0x8bd6e0]\nE       \t(No symbol) [0x0x8be544]\nE       \tGetHandleVerifier [0x0xcae073+2531379]\nE       \tGetHandleVerifier [0x0xca9372+2511666]\nE       \tGetHandleVerifier [0x0xa79efa+220858]\nE       \tGetHandleVerifier [0x0xa6a548+156936]\nE       \tGetHandleVerifier [0x0xa70c7d+183357]\nE       \tGetHandleVerifier [0x0xa5b6e8+95912]\nE       \tGetHandleVerifier [0x0xa5b890+96336]\nE       \tGetHandleVerifier [0x0xa4666a+9770]\nE       \tBaseThreadInitThunk [0x0x76925d49+25]\nE       \tRtlInitializeExceptionChain [0x0x77e2d09b+107]\nE       \tRtlGetAppContainerNamedObjectPath [0x0x77e2d021+561]\n\nvenv\\Lib\\site-packages\\selenium\\webdriver\\support\\wait.py:146: TimeoutException","flaky":false,"newFailed":false,"newBroken":false,"newPassed":false,"retriesCount":0,"retriesStatusChange":false,"beforeStages":[{"name":"setup","time":{"start":1750151096732,"stop":1750151103740,"duration":7008},"status":"passed","steps":[],"attachments":[],"parameters":[],"stepsCount":0,"attachmentsCount":0,"shouldDisplayMessage":false,"attachmentStep":false,"hasContent":false}],"testStage":{"description":"\n**Test Type**  \nFunctional and cross-browser testing\n\n**Test Scenario**\nEntering the email, new password but entering different password in confirm password field and waiting till the **Passwords do not match text**\n\n**Input data**\nEmail: Sk12@gmail.com\nNew Password: cpktnwt\nConfirm Password: chethan\n\n**Test passes if**\nThe **Valid email is required** text is displayed.\n","status":"broken","statusMessage":"selenium.common.exceptions.TimeoutException: Message: \nStacktrace:\n\tGetHandleVerifier [0x0xa53783+63299]\n\tGetHandleVerifier [0x0xa537c4+63364]\n\t(No symbol) [0x0x881113]\n\t(No symbol) [0x0x8c987e]\n\t(No symbol) [0x0x8c9c1b]\n\t(No symbol) [0x0x912212]\n\t(No symbol) [0x0x8ee5c4]\n\t(No symbol) [0x0x90fa4a]\n\t(No symbol) [0x0x8ee376]\n\t(No symbol) [0x0x8bd6e0]\n\t(No symbol) [0x0x8be544]\n\tGetHandleVerifier [0x0xcae073+2531379]\n\tGetHandleVerifier [0x0xca9372+2511666]\n\tGetHandleVerifier [0x0xa79efa+220858]\n\tGetHandleVerifier [0x0xa6a548+156936]\n\tGetHandleVerifier [0x0xa70c7d+183357]\n\tGetHandleVerifier [0x0xa5b6e8+95912]\n\tGetHandleVerifier [0x0xa5b890+96336]\n\tGetHandleVerifier [0x0xa4666a+9770]\n\tBaseThreadInitThunk [0x0x76925d49+25]\n\tRtlInitializeExceptionChain [0x0x77e2d09b+107]\n\tRtlGetAppContainerNamedObjectPath [0x0x77e2d021+561]","statusTrace":"setup = <selenium.webdriver.chrome.webdriver.WebDriver (session=\"d25406d7d650fff7a9a4d11a2fbdbced\")>\n\n    @allure.feature(\"XEED_Ventures_Login_Page\")\n    @allure.title(\"TC015 - Testing the **Passwords do not match** text\")\n    @allure.description(\"\"\"\n    **Test Type**\n    Functional and cross-browser testing\n    \n    **Test Scenario**\n    Entering the email, new password but entering different password in confirm password field and waiting till the **Passwords do not match text**\n    \n    **Input data**\n    Email: Sk12@gmail.com\n    New Password: cpktnwt\n    Confirm Password: chethan\n    \n    **Test passes if**\n    The **Valid email is required** text is displayed.\n    \"\"\")\n    \n    def test_suite(setup):\n        driver = setup\n        wait = WebDriverWait(driver, 10)\n    \n        with allure.step(\"Login Page is opened\"):\n            driver.get(\"http://157.15.202.244:99/authentication/login\")\n    \n        with allure.step(\"Clicking on 'Forgot Password?' link\"):\n            element = wait.until(EC.element_to_be_clickable((By.XPATH, \"//a[normalize-space()='Forgot Password?']\")))\n            element.click()\n    \n        with allure.step(\"Entering the Email\"):\n            element = wait.until(EC.element_to_be_clickable((By.XPATH, \"//input[@formcontrolname='email']\")))\n            element.click()\n            element.send_keys(\"Sk12@gmail.com\")\n    \n        with allure.step(\"Entering the NewPassword\"):\n            element = wait.until(EC.element_to_be_clickable((By.XPATH, \"//input[@formcontrolname='newPassword']\")))\n            element.click()\n            element.send_keys(\"cpktnwt\")\n    \n        with allure.step(\"Entering the password in Confirm Password field\"):\n            element = wait.until(EC.element_to_be_clickable((By.XPATH, \"//input[@formcontrolname='confirmPassword']\")))\n            element.click()\n            element.send_keys(\"chethan\")\n    \n        with allure.step(\"Validating 'Passwords do not match' error is shown\"):\n>           element = wait.until(EC.visibility_of_element_located((By.XPATH, \"//div[@class='error ng-star-inserted']\")))\n\nXeed_Login_Page\\Test_TC014.py:52: \n_ _ _ _ _ _ _ _ _ _ _ _ _ _ _ _ _ _ _ _ _ _ _ _ _ _ _ _ _ _ _ _ _ _ _ _ _ _ _ _ _ _ _ _ _ _ _ _ _ _ _ _ _ _ _ _ _ _ _ _ _ _ _ _ _ _ _ _ _ _ _ _ _ _ _ _ _ _ _ _ _ _ _ _ _ _ _ _ _ _ _ _\n\nself = <selenium.webdriver.support.wait.WebDriverWait (session=\"d25406d7d650fff7a9a4d11a2fbdbced\")>\nmethod = <function visibility_of_element_located.<locals>._predicate at 0x000001B388E374C0>, message = ''\n\n    def until(self, method: Callable[[D], Union[Literal[False], T]], message: str = \"\") -> T:\n        \"\"\"Wait until the method returns a value that is not False.\n    \n        Calls the method provided with the driver as an argument until the\n        return value does not evaluate to ``False``.\n    \n        Parameters:\n        -----------\n        method: callable(WebDriver)\n            - A callable object that takes a WebDriver instance as an argument.\n    \n        message: str\n            - Optional message for :exc:`TimeoutException`\n    \n        Return:\n        -------\n        object: T\n            - The result of the last call to `method`\n    \n        Raises:\n        -------\n        TimeoutException\n            - If 'method' does not return a truthy value within the WebDriverWait\n            object's timeout\n    \n        Example:\n        --------\n        >>> from selenium.webdriver.common.by import By\n        >>> from selenium.webdriver.support.ui import WebDriverWait\n        >>> from selenium.webdriver.support import expected_conditions as EC\n    \n        # Wait until an element is visible on the page\n        >>> wait = WebDriverWait(driver, 10)\n        >>> element = wait.until(EC.visibility_of_element_located((By.ID, \"exampleId\")))\n        >>> print(element.text)\n        \"\"\"\n        screen = None\n        stacktrace = None\n    \n        end_time = time.monotonic() + self._timeout\n        while True:\n            try:\n                value = method(self._driver)\n                if value:\n                    return value\n            except self._ignored_exceptions as exc:\n                screen = getattr(exc, \"screen\", None)\n                stacktrace = getattr(exc, \"stacktrace\", None)\n            if time.monotonic() > end_time:\n                break\n            time.sleep(self._poll)\n>       raise TimeoutException(message, screen, stacktrace)\nE       selenium.common.exceptions.TimeoutException: Message: \nE       Stacktrace:\nE       \tGetHandleVerifier [0x0xa53783+63299]\nE       \tGetHandleVerifier [0x0xa537c4+63364]\nE       \t(No symbol) [0x0x881113]\nE       \t(No symbol) [0x0x8c987e]\nE       \t(No symbol) [0x0x8c9c1b]\nE       \t(No symbol) [0x0x912212]\nE       \t(No symbol) [0x0x8ee5c4]\nE       \t(No symbol) [0x0x90fa4a]\nE       \t(No symbol) [0x0x8ee376]\nE       \t(No symbol) [0x0x8bd6e0]\nE       \t(No symbol) [0x0x8be544]\nE       \tGetHandleVerifier [0x0xcae073+2531379]\nE       \tGetHandleVerifier [0x0xca9372+2511666]\nE       \tGetHandleVerifier [0x0xa79efa+220858]\nE       \tGetHandleVerifier [0x0xa6a548+156936]\nE       \tGetHandleVerifier [0x0xa70c7d+183357]\nE       \tGetHandleVerifier [0x0xa5b6e8+95912]\nE       \tGetHandleVerifier [0x0xa5b890+96336]\nE       \tGetHandleVerifier [0x0xa4666a+9770]\nE       \tBaseThreadInitThunk [0x0x76925d49+25]\nE       \tRtlInitializeExceptionChain [0x0x77e2d09b+107]\nE       \tRtlGetAppContainerNamedObjectPath [0x0x77e2d021+561]\n\nvenv\\Lib\\site-packages\\selenium\\webdriver\\support\\wait.py:146: TimeoutException","steps":[{"name":"Login Page is opened","time":{"start":1750151103744,"stop":1750151105141,"duration":1397},"status":"passed","steps":[],"attachments":[],"parameters":[],"stepsCount":0,"attachmentsCount":0,"shouldDisplayMessage":false,"attachmentStep":false,"hasContent":false},{"name":"Clicking on 'Forgot Password?' link","time":{"start":1750151105141,"stop":1750151105315,"duration":174},"status":"passed","steps":[],"attachments":[],"parameters":[],"stepsCount":0,"attachmentsCount":0,"shouldDisplayMessage":false,"attachmentStep":false,"hasContent":false},{"name":"Entering the Email","time":{"start":1750151105315,"stop":1750151105606,"duration":291},"status":"passed","steps":[],"attachments":[],"parameters":[],"stepsCount":0,"attachmentsCount":0,"shouldDisplayMessage":false,"attachmentStep":false,"hasContent":false},{"name":"Entering the NewPassword","time":{"start":1750151105606,"stop":1750151105753,"duration":147},"status":"passed","steps":[],"attachments":[],"parameters":[],"stepsCount":0,"attachmentsCount":0,"shouldDisplayMessage":false,"attachmentStep":false,"hasContent":false},{"name":"Entering the password in Confirm Password field","time":{"start":1750151105753,"stop":1750151105886,"duration":133},"status":"passed","steps":[],"attachments":[],"parameters":[],"stepsCount":0,"attachmentsCount":0,"shouldDisplayMessage":false,"attachmentStep":false,"hasContent":false},{"name":"Validating 'Passwords do not match' error is shown","time":{"start":1750151105886,"stop":1750151116088,"duration":10202},"status":"broken","statusMessage":"selenium.common.exceptions.TimeoutException: Message: \nStacktrace:\n\tGetHandleVerifier [0x0xa53783+63299]\n\tGetHandleVerifier [0x0xa537c4+63364]\n\t(No symbol) [0x0x881113]\n\t(No symbol) [0x0x8c987e]\n\t(No symbol) [0x0x8c9c1b]\n\t(No symbol) [0x0x912212]\n\t(No symbol) [0x0x8ee5c4]\n\t(No symbol) [0x0x90fa4a]\n\t(No symbol) [0x0x8ee376]\n\t(No symbol) [0x0x8bd6e0]\n\t(No symbol) [0x0x8be544]\n\tGetHandleVerifier [0x0xcae073+2531379]\n\tGetHandleVerifier [0x0xca9372+2511666]\n\tGetHandleVerifier [0x0xa79efa+220858]\n\tGetHandleVerifier [0x0xa6a548+156936]\n\tGetHandleVerifier [0x0xa70c7d+183357]\n\tGetHandleVerifier [0x0xa5b6e8+95912]\n\tGetHandleVerifier [0x0xa5b890+96336]\n\tGetHandleVerifier [0x0xa4666a+9770]\n\tBaseThreadInitThunk [0x0x76925d49+25]\n\tRtlInitializeExceptionChain [0x0x77e2d09b+107]\n\tRtlGetAppContainerNamedObjectPath [0x0x77e2d021+561]\n\n","statusTrace":"  File \"C:\\Users\\sagar\\PycharmProjects\\TestingProject\\Xeed_Login_Page\\Test_TC014.py\", line 52, in test_suite\n    element = wait.until(EC.visibility_of_element_located((By.XPATH, \"//div[@class='error ng-star-inserted']\")))\n  File \"C:\\Users\\sagar\\PycharmProjects\\TestingProject\\venv\\Lib\\site-packages\\selenium\\webdriver\\support\\wait.py\", line 146, in until\n    raise TimeoutException(message, screen, stacktrace)\n","steps":[],"attachments":[],"parameters":[],"stepsCount":0,"attachmentsCount":0,"shouldDisplayMessage":true,"attachmentStep":false,"hasContent":true}],"attachments":[],"parameters":[],"stepsCount":6,"attachmentsCount":0,"shouldDisplayMessage":true,"attachmentStep":false,"hasContent":true},"afterStages":[{"name":"setup::0","time":{"start":1750151116189,"stop":1750151118478,"duration":2289},"status":"passed","steps":[],"attachments":[],"parameters":[],"stepsCount":0,"attachmentsCount":0,"shouldDisplayMessage":false,"attachmentStep":false,"hasContent":false}],"labels":[{"name":"feature","value":"XEED_Ventures_Login_Page"},{"name":"parentSuite","value":"Xeed_Login_Page"},{"name":"suite","value":"Test_TC014"},{"name":"host","value":"DESKTOP-0Q1NQ4H"},{"name":"thread","value":"31368-MainThread"},{"name":"framework","value":"pytest"},{"name":"language","value":"cpython3"},{"name":"package","value":"Xeed_Login_Page.Test_TC014"},{"name":"resultFormat","value":"allure2"}],"parameters":[{"name":"setup","value":"'firefox'"}],"links":[],"hidden":true,"retry":true,"extra":{"categories":[],"tags":[]},"source":"3f2014fdb5a1cc0.json","parameterValues":["'firefox'"]}