{"uid":"92d0400dda454e8","name":"TC015 - Testing the **Passwords do not match** text","fullName":"Xeed_Login_Page.Test_TC014#test_suite","historyId":"bd644415cfdadd3a60f760f365dfe6af","time":{"start":1750151619363,"stop":1750151634470,"duration":15107},"description":"\n**Test Type**  \nFunctional and cross-browser testing\n\n**Test Scenario**\nEntering the email, new password but entering different password in confirm password field and waiting till the **Passwords do not match text**\n\n**Input data**\nEmail: Sk12@gmail.com\nNew Password: cpktnwt\nConfirm Password: chethan\n\n**Test passes if**\nThe **Valid email is required** text is displayed.\n","descriptionHtml":"<p><strong>Test Type</strong><br />\nFunctional and cross-browser testing</p>\n<p><strong>Test Scenario</strong><br />\nEntering the email, new password but entering different password in confirm password field and waiting till the <strong>Passwords do not match text</strong></p>\n<p><strong>Input data</strong><br />\nEmail: Sk12@gmail.com<br />\nNew Password: cpktnwt<br />\nConfirm Password: chethan</p>\n<p><strong>Test passes if</strong><br />\nThe <strong>Valid email is required</strong> text is displayed.</p>\n","status":"failed","statusMessage":"Failed: Element not found within the wait time","statusTrace":"setup = <selenium.webdriver.firefox.webdriver.WebDriver (session=\"794bb20c-b93c-4f35-98d0-9ee95dbb0fd2\")>\n\n    @allure.feature(\"XEED_Ventures_Login_Page\")\n    @allure.title(\"TC015 - Testing the **Passwords do not match** text\")\n    @allure.description(\"\"\"\n    **Test Type**\n    Functional and cross-browser testing\n    \n    **Test Scenario**\n    Entering the email, new password but entering different password in confirm password field and waiting till the **Passwords do not match text**\n    \n    **Input data**\n    Email: Sk12@gmail.com\n    New Password: cpktnwt\n    Confirm Password: chethan\n    \n    **Test passes if**\n    The **Valid email is required** text is displayed.\n    \"\"\")\n    \n    def test_suite(setup):\n        driver = setup\n        wait = WebDriverWait(driver, 10)\n    \n        with allure.step(\"Login Page is opened\"):\n            driver.get(\"http://157.15.202.244:99/authentication/login\")\n    \n        with allure.step(\"Clicking on 'Forgot Password?' link\"):\n            element = wait.until(EC.element_to_be_clickable((By.XPATH, \"//a[normalize-space()='Forgot Password?']\")))\n            element.click()\n    \n        with allure.step(\"Entering the Email\"):\n            element = wait.until(EC.element_to_be_clickable((By.XPATH, \"//input[@formcontrolname='email']\")))\n            element.click()\n            element.send_keys(\"Sk12@gmail.com\")\n    \n        with allure.step(\"Entering the NewPassword\"):\n            element = wait.until(EC.element_to_be_clickable((By.XPATH, \"//input[@formcontrolname='newPassword']\")))\n            element.click()\n            element.send_keys(\"cpktnwt\")\n    \n        with allure.step(\"Entering the password in Confirm Password field\"):\n            element = wait.until(EC.element_to_be_clickable((By.XPATH, \"//input[@formcontrolname='confirmPassword']\")))\n            element.click()\n            element.send_keys(\"chethan\")\n    \n        with allure.step(\"Validating 'Passwords do not match' error is shown\"):\n            try:\n>               element = wait.until(EC.visibility_of_element_located((By.XPATH, \"//div[@class='error ng-star-inserted']\")))\n\nXeed_Login_Page\\Test_TC014.py:54: \n_ _ _ _ _ _ _ _ _ _ _ _ _ _ _ _ _ _ _ _ _ _ _ _ _ _ _ _ _ _ _ _ _ _ _ _ _ _ _ _ _ _ _ _ _ _ _ _ _ _ _ _ _ _ _ _ _ _ _ _ _ _ _ _ _ _ _ _ _ _ _ _ _ _ _ _ _ _ _ _ _ _ _ _ _ _ _ _ _ _ _ _\n\nself = <selenium.webdriver.support.wait.WebDriverWait (session=\"794bb20c-b93c-4f35-98d0-9ee95dbb0fd2\")>\nmethod = <function visibility_of_element_located.<locals>._predicate at 0x00000186417113A0>, message = ''\n\n    def until(self, method: Callable[[D], Union[Literal[False], T]], message: str = \"\") -> T:\n        \"\"\"Wait until the method returns a value that is not False.\n    \n        Calls the method provided with the driver as an argument until the\n        return value does not evaluate to ``False``.\n    \n        Parameters:\n        -----------\n        method: callable(WebDriver)\n            - A callable object that takes a WebDriver instance as an argument.\n    \n        message: str\n            - Optional message for :exc:`TimeoutException`\n    \n        Return:\n        -------\n        object: T\n            - The result of the last call to `method`\n    \n        Raises:\n        -------\n        TimeoutException\n            - If 'method' does not return a truthy value within the WebDriverWait\n            object's timeout\n    \n        Example:\n        --------\n        >>> from selenium.webdriver.common.by import By\n        >>> from selenium.webdriver.support.ui import WebDriverWait\n        >>> from selenium.webdriver.support import expected_conditions as EC\n    \n        # Wait until an element is visible on the page\n        >>> wait = WebDriverWait(driver, 10)\n        >>> element = wait.until(EC.visibility_of_element_located((By.ID, \"exampleId\")))\n        >>> print(element.text)\n        \"\"\"\n        screen = None\n        stacktrace = None\n    \n        end_time = time.monotonic() + self._timeout\n        while True:\n            try:\n                value = method(self._driver)\n                if value:\n                    return value\n            except self._ignored_exceptions as exc:\n                screen = getattr(exc, \"screen\", None)\n                stacktrace = getattr(exc, \"stacktrace\", None)\n            if time.monotonic() > end_time:\n                break\n            time.sleep(self._poll)\n>       raise TimeoutException(message, screen, stacktrace)\nE       selenium.common.exceptions.TimeoutException: Message: \nE       Stacktrace:\nE       RemoteError@chrome://remote/content/shared/RemoteError.sys.mjs:8:8\nE       WebDriverError@chrome://remote/content/shared/webdriver/Errors.sys.mjs:199:5\nE       NoSuchElementError@chrome://remote/content/shared/webdriver/Errors.sys.mjs:552:5\nE       dom.find/</<@chrome://remote/content/shared/DOM.sys.mjs:136:16\n\nvenv\\Lib\\site-packages\\selenium\\webdriver\\support\\wait.py:146: TimeoutException\n\nDuring handling of the above exception, another exception occurred:\n\nsetup = <selenium.webdriver.firefox.webdriver.WebDriver (session=\"794bb20c-b93c-4f35-98d0-9ee95dbb0fd2\")>\n\n    @allure.feature(\"XEED_Ventures_Login_Page\")\n    @allure.title(\"TC015 - Testing the **Passwords do not match** text\")\n    @allure.description(\"\"\"\n    **Test Type**\n    Functional and cross-browser testing\n    \n    **Test Scenario**\n    Entering the email, new password but entering different password in confirm password field and waiting till the **Passwords do not match text**\n    \n    **Input data**\n    Email: Sk12@gmail.com\n    New Password: cpktnwt\n    Confirm Password: chethan\n    \n    **Test passes if**\n    The **Valid email is required** text is displayed.\n    \"\"\")\n    \n    def test_suite(setup):\n        driver = setup\n        wait = WebDriverWait(driver, 10)\n    \n        with allure.step(\"Login Page is opened\"):\n            driver.get(\"http://157.15.202.244:99/authentication/login\")\n    \n        with allure.step(\"Clicking on 'Forgot Password?' link\"):\n            element = wait.until(EC.element_to_be_clickable((By.XPATH, \"//a[normalize-space()='Forgot Password?']\")))\n            element.click()\n    \n        with allure.step(\"Entering the Email\"):\n            element = wait.until(EC.element_to_be_clickable((By.XPATH, \"//input[@formcontrolname='email']\")))\n            element.click()\n            element.send_keys(\"Sk12@gmail.com\")\n    \n        with allure.step(\"Entering the NewPassword\"):\n            element = wait.until(EC.element_to_be_clickable((By.XPATH, \"//input[@formcontrolname='newPassword']\")))\n            element.click()\n            element.send_keys(\"cpktnwt\")\n    \n        with allure.step(\"Entering the password in Confirm Password field\"):\n            element = wait.until(EC.element_to_be_clickable((By.XPATH, \"//input[@formcontrolname='confirmPassword']\")))\n            element.click()\n            element.send_keys(\"chethan\")\n    \n        with allure.step(\"Validating 'Passwords do not match' error is shown\"):\n            try:\n                element = wait.until(EC.visibility_of_element_located((By.XPATH, \"//div[@class='error ng-star-inserted']\")))\n                assert element.is_displayed(), \"Expected 'Passwords do not match' message not visible\"\n                allure.attach(element.text, name= \"Text displayed\", attachment_type=allure.attachment_type.TEXT )\n    \n            except TimeoutException as e:\n                allure.attach(str(e), name=\"TimeoutException\", attachment_type=allure.attachment_type.TEXT)\n>               pytest.fail(\"Element not found within the wait time\")\nE               Failed: Element not found within the wait time\n\nXeed_Login_Page\\Test_TC014.py:60: Failed","flaky":false,"newFailed":false,"newBroken":false,"newPassed":false,"retriesCount":0,"retriesStatusChange":false,"beforeStages":[{"name":"setup","time":{"start":1750151606907,"stop":1750151619362,"duration":12455},"status":"passed","steps":[],"attachments":[],"parameters":[],"stepsCount":0,"attachmentsCount":0,"shouldDisplayMessage":false,"attachmentStep":false,"hasContent":false}],"testStage":{"description":"\n**Test Type**  \nFunctional and cross-browser testing\n\n**Test Scenario**\nEntering the email, new password but entering different password in confirm password field and waiting till the **Passwords do not match text**\n\n**Input data**\nEmail: Sk12@gmail.com\nNew Password: cpktnwt\nConfirm Password: chethan\n\n**Test passes if**\nThe **Valid email is required** text is displayed.\n","status":"failed","statusMessage":"Failed: Element not found within the wait time","statusTrace":"setup = <selenium.webdriver.firefox.webdriver.WebDriver (session=\"794bb20c-b93c-4f35-98d0-9ee95dbb0fd2\")>\n\n    @allure.feature(\"XEED_Ventures_Login_Page\")\n    @allure.title(\"TC015 - Testing the **Passwords do not match** text\")\n    @allure.description(\"\"\"\n    **Test Type**\n    Functional and cross-browser testing\n    \n    **Test Scenario**\n    Entering the email, new password but entering different password in confirm password field and waiting till the **Passwords do not match text**\n    \n    **Input data**\n    Email: Sk12@gmail.com\n    New Password: cpktnwt\n    Confirm Password: chethan\n    \n    **Test passes if**\n    The **Valid email is required** text is displayed.\n    \"\"\")\n    \n    def test_suite(setup):\n        driver = setup\n        wait = WebDriverWait(driver, 10)\n    \n        with allure.step(\"Login Page is opened\"):\n            driver.get(\"http://157.15.202.244:99/authentication/login\")\n    \n        with allure.step(\"Clicking on 'Forgot Password?' link\"):\n            element = wait.until(EC.element_to_be_clickable((By.XPATH, \"//a[normalize-space()='Forgot Password?']\")))\n            element.click()\n    \n        with allure.step(\"Entering the Email\"):\n            element = wait.until(EC.element_to_be_clickable((By.XPATH, \"//input[@formcontrolname='email']\")))\n            element.click()\n            element.send_keys(\"Sk12@gmail.com\")\n    \n        with allure.step(\"Entering the NewPassword\"):\n            element = wait.until(EC.element_to_be_clickable((By.XPATH, \"//input[@formcontrolname='newPassword']\")))\n            element.click()\n            element.send_keys(\"cpktnwt\")\n    \n        with allure.step(\"Entering the password in Confirm Password field\"):\n            element = wait.until(EC.element_to_be_clickable((By.XPATH, \"//input[@formcontrolname='confirmPassword']\")))\n            element.click()\n            element.send_keys(\"chethan\")\n    \n        with allure.step(\"Validating 'Passwords do not match' error is shown\"):\n            try:\n>               element = wait.until(EC.visibility_of_element_located((By.XPATH, \"//div[@class='error ng-star-inserted']\")))\n\nXeed_Login_Page\\Test_TC014.py:54: \n_ _ _ _ _ _ _ _ _ _ _ _ _ _ _ _ _ _ _ _ _ _ _ _ _ _ _ _ _ _ _ _ _ _ _ _ _ _ _ _ _ _ _ _ _ _ _ _ _ _ _ _ _ _ _ _ _ _ _ _ _ _ _ _ _ _ _ _ _ _ _ _ _ _ _ _ _ _ _ _ _ _ _ _ _ _ _ _ _ _ _ _\n\nself = <selenium.webdriver.support.wait.WebDriverWait (session=\"794bb20c-b93c-4f35-98d0-9ee95dbb0fd2\")>\nmethod = <function visibility_of_element_located.<locals>._predicate at 0x00000186417113A0>, message = ''\n\n    def until(self, method: Callable[[D], Union[Literal[False], T]], message: str = \"\") -> T:\n        \"\"\"Wait until the method returns a value that is not False.\n    \n        Calls the method provided with the driver as an argument until the\n        return value does not evaluate to ``False``.\n    \n        Parameters:\n        -----------\n        method: callable(WebDriver)\n            - A callable object that takes a WebDriver instance as an argument.\n    \n        message: str\n            - Optional message for :exc:`TimeoutException`\n    \n        Return:\n        -------\n        object: T\n            - The result of the last call to `method`\n    \n        Raises:\n        -------\n        TimeoutException\n            - If 'method' does not return a truthy value within the WebDriverWait\n            object's timeout\n    \n        Example:\n        --------\n        >>> from selenium.webdriver.common.by import By\n        >>> from selenium.webdriver.support.ui import WebDriverWait\n        >>> from selenium.webdriver.support import expected_conditions as EC\n    \n        # Wait until an element is visible on the page\n        >>> wait = WebDriverWait(driver, 10)\n        >>> element = wait.until(EC.visibility_of_element_located((By.ID, \"exampleId\")))\n        >>> print(element.text)\n        \"\"\"\n        screen = None\n        stacktrace = None\n    \n        end_time = time.monotonic() + self._timeout\n        while True:\n            try:\n                value = method(self._driver)\n                if value:\n                    return value\n            except self._ignored_exceptions as exc:\n                screen = getattr(exc, \"screen\", None)\n                stacktrace = getattr(exc, \"stacktrace\", None)\n            if time.monotonic() > end_time:\n                break\n            time.sleep(self._poll)\n>       raise TimeoutException(message, screen, stacktrace)\nE       selenium.common.exceptions.TimeoutException: Message: \nE       Stacktrace:\nE       RemoteError@chrome://remote/content/shared/RemoteError.sys.mjs:8:8\nE       WebDriverError@chrome://remote/content/shared/webdriver/Errors.sys.mjs:199:5\nE       NoSuchElementError@chrome://remote/content/shared/webdriver/Errors.sys.mjs:552:5\nE       dom.find/</<@chrome://remote/content/shared/DOM.sys.mjs:136:16\n\nvenv\\Lib\\site-packages\\selenium\\webdriver\\support\\wait.py:146: TimeoutException\n\nDuring handling of the above exception, another exception occurred:\n\nsetup = <selenium.webdriver.firefox.webdriver.WebDriver (session=\"794bb20c-b93c-4f35-98d0-9ee95dbb0fd2\")>\n\n    @allure.feature(\"XEED_Ventures_Login_Page\")\n    @allure.title(\"TC015 - Testing the **Passwords do not match** text\")\n    @allure.description(\"\"\"\n    **Test Type**\n    Functional and cross-browser testing\n    \n    **Test Scenario**\n    Entering the email, new password but entering different password in confirm password field and waiting till the **Passwords do not match text**\n    \n    **Input data**\n    Email: Sk12@gmail.com\n    New Password: cpktnwt\n    Confirm Password: chethan\n    \n    **Test passes if**\n    The **Valid email is required** text is displayed.\n    \"\"\")\n    \n    def test_suite(setup):\n        driver = setup\n        wait = WebDriverWait(driver, 10)\n    \n        with allure.step(\"Login Page is opened\"):\n            driver.get(\"http://157.15.202.244:99/authentication/login\")\n    \n        with allure.step(\"Clicking on 'Forgot Password?' link\"):\n            element = wait.until(EC.element_to_be_clickable((By.XPATH, \"//a[normalize-space()='Forgot Password?']\")))\n            element.click()\n    \n        with allure.step(\"Entering the Email\"):\n            element = wait.until(EC.element_to_be_clickable((By.XPATH, \"//input[@formcontrolname='email']\")))\n            element.click()\n            element.send_keys(\"Sk12@gmail.com\")\n    \n        with allure.step(\"Entering the NewPassword\"):\n            element = wait.until(EC.element_to_be_clickable((By.XPATH, \"//input[@formcontrolname='newPassword']\")))\n            element.click()\n            element.send_keys(\"cpktnwt\")\n    \n        with allure.step(\"Entering the password in Confirm Password field\"):\n            element = wait.until(EC.element_to_be_clickable((By.XPATH, \"//input[@formcontrolname='confirmPassword']\")))\n            element.click()\n            element.send_keys(\"chethan\")\n    \n        with allure.step(\"Validating 'Passwords do not match' error is shown\"):\n            try:\n                element = wait.until(EC.visibility_of_element_located((By.XPATH, \"//div[@class='error ng-star-inserted']\")))\n                assert element.is_displayed(), \"Expected 'Passwords do not match' message not visible\"\n                allure.attach(element.text, name= \"Text displayed\", attachment_type=allure.attachment_type.TEXT )\n    \n            except TimeoutException as e:\n                allure.attach(str(e), name=\"TimeoutException\", attachment_type=allure.attachment_type.TEXT)\n>               pytest.fail(\"Element not found within the wait time\")\nE               Failed: Element not found within the wait time\n\nXeed_Login_Page\\Test_TC014.py:60: Failed","steps":[{"name":"Login Page is opened","time":{"start":1750151619363,"stop":1750151622577,"duration":3214},"status":"passed","steps":[],"attachments":[],"parameters":[],"stepsCount":0,"attachmentsCount":0,"shouldDisplayMessage":false,"attachmentStep":false,"hasContent":false},{"name":"Clicking on 'Forgot Password?' link","time":{"start":1750151622577,"stop":1750151623234,"duration":657},"status":"passed","steps":[],"attachments":[],"parameters":[],"stepsCount":0,"attachmentsCount":0,"shouldDisplayMessage":false,"attachmentStep":false,"hasContent":false},{"name":"Entering the Email","time":{"start":1750151623235,"stop":1750151623617,"duration":382},"status":"passed","steps":[],"attachments":[],"parameters":[],"stepsCount":0,"attachmentsCount":0,"shouldDisplayMessage":false,"attachmentStep":false,"hasContent":false},{"name":"Entering the NewPassword","time":{"start":1750151623617,"stop":1750151624097,"duration":480},"status":"passed","steps":[],"attachments":[],"parameters":[],"stepsCount":0,"attachmentsCount":0,"shouldDisplayMessage":false,"attachmentStep":false,"hasContent":false},{"name":"Entering the password in Confirm Password field","time":{"start":1750151624098,"stop":1750151624358,"duration":260},"status":"passed","steps":[],"attachments":[],"parameters":[],"stepsCount":0,"attachmentsCount":0,"shouldDisplayMessage":false,"attachmentStep":false,"hasContent":false},{"name":"Validating 'Passwords do not match' error is shown","time":{"start":1750151624358,"stop":1750151634469,"duration":10111},"status":"failed","statusMessage":"Failed: Element not found within the wait time\n","statusTrace":"  File \"C:\\Users\\sagar\\PycharmProjects\\TestingProject\\Xeed_Login_Page\\Test_TC014.py\", line 60, in test_suite\n    pytest.fail(\"Element not found within the wait time\")\n    ~~~~~~~~~~~^^^^^^^^^^^^^^^^^^^^^^^^^^^^^^^^^^^^^^^^^^\n  File \"C:\\Users\\sagar\\PycharmProjects\\TestingProject\\venv\\Lib\\site-packages\\_pytest\\outcomes.py\", line 178, in fail\n    raise Failed(msg=reason, pytrace=pytrace)\n","steps":[],"attachments":[{"uid":"1b77d48f721be2fb","name":"TimeoutException","source":"1b77d48f721be2fb.txt","type":"text/plain","size":310}],"parameters":[],"stepsCount":0,"attachmentsCount":1,"shouldDisplayMessage":true,"attachmentStep":false,"hasContent":true}],"attachments":[],"parameters":[],"stepsCount":6,"attachmentsCount":1,"shouldDisplayMessage":true,"attachmentStep":false,"hasContent":true},"afterStages":[{"name":"setup::0","time":{"start":1750151634478,"stop":1750151637850,"duration":3372},"status":"passed","steps":[],"attachments":[],"parameters":[],"stepsCount":0,"attachmentsCount":0,"shouldDisplayMessage":false,"attachmentStep":false,"hasContent":false}],"labels":[{"name":"feature","value":"XEED_Ventures_Login_Page"},{"name":"parentSuite","value":"Xeed_Login_Page"},{"name":"suite","value":"Test_TC014"},{"name":"host","value":"DESKTOP-0Q1NQ4H"},{"name":"thread","value":"12016-MainThread"},{"name":"framework","value":"pytest"},{"name":"language","value":"cpython3"},{"name":"package","value":"Xeed_Login_Page.Test_TC014"},{"name":"resultFormat","value":"allure2"}],"parameters":[{"name":"setup","value":"'chrome'"}],"links":[],"hidden":true,"retry":true,"extra":{"categories":[],"tags":[]},"source":"92d0400dda454e8.json","parameterValues":["'chrome'"]}