{"uid":"e7b88dceb8639eb7","name":"TC015 - Testing the Passwords do not match text","fullName":"Xeed_Login_Page.Test_TC014#test_suite","historyId":"bd644415cfdadd3a60f760f365dfe6af","time":{"start":1750152394528,"stop":1750152410219,"duration":15691},"description":"\n**Test Type**  \nFunctional and cross-browser testing\n\n**Test Scenario**\nEntering the email, new password but entering different password in confirm password field and waiting till the **Passwords do not match text**\n\n**Input data**\nEmail: Sk12@gmail.com\nNew Password: cpktnwt\nConfirm Password: chethan\n\n**Test passes if**\nThe **Valid email is required** text is displayed when confirm password field is entered and waited.\n","descriptionHtml":"<p><strong>Test Type</strong><br />\nFunctional and cross-browser testing</p>\n<p><strong>Test Scenario</strong><br />\nEntering the email, new password but entering different password in confirm password field and waiting till the <strong>Passwords do not match text</strong></p>\n<p><strong>Input data</strong><br />\nEmail: Sk12@gmail.com<br />\nNew Password: cpktnwt<br />\nConfirm Password: chethan</p>\n<p><strong>Test passes if</strong><br />\nThe <strong>Valid email is required</strong> text is displayed when confirm password field is entered and waited.</p>\n","status":"failed","statusMessage":"Failed: Element not found within the wait time","statusTrace":"setup = <selenium.webdriver.firefox.webdriver.WebDriver (session=\"2cf1eac6-6599-4a2c-a103-c46737e98ee1\")>\n\n    @allure.feature(\"XEED_Ventures_Login_Page\")\n    @allure.title(\"TC015 - Testing the Passwords do not match text\")\n    @allure.description(\"\"\"\n    **Test Type**\n    Functional and cross-browser testing\n    \n    **Test Scenario**\n    Entering the email, new password but entering different password in confirm password field and waiting till the **Passwords do not match text**\n    \n    **Input data**\n    Email: Sk12@gmail.com\n    New Password: cpktnwt\n    Confirm Password: chethan\n    \n    **Test passes if**\n    The **Valid email is required** text is displayed when confirm password field is entered and waited.\n    \"\"\")\n    \n    def test_suite(setup):\n        driver = setup\n        wait = WebDriverWait(driver, 10)\n    \n        with allure.step(\"Login Page is opened\"):\n            driver.get(\"http://157.15.202.244:99/authentication/login\")\n    \n        with allure.step(\"Clicking on 'Forgot Password?' link\"):\n            element = wait.until(EC.element_to_be_clickable((By.XPATH, \"//a[normalize-space()='Forgot Password?']\")))\n            element.click()\n    \n        with allure.step(\"Entering the Email\"):\n            element = wait.until(EC.element_to_be_clickable((By.XPATH, \"//input[@formcontrolname='email']\")))\n            element.click()\n            element.send_keys(\"Sk12@gmail.com\")\n    \n        with allure.step(\"Entering the NewPassword\"):\n            element = wait.until(EC.element_to_be_clickable((By.XPATH, \"//input[@formcontrolname='newPassword']\")))\n            element.click()\n            element.send_keys(\"cpktnwt\")\n    \n        with allure.step(\"Entering the password in Confirm Password field\"):\n            element = wait.until(EC.element_to_be_clickable((By.XPATH, \"//input[@formcontrolname='confirmPassword']\")))\n            element.click()\n            element.send_keys(\"chethan\")\n    \n        with allure.step(\"Validating 'Passwords do not match' error is shown\"):\n            try:\n>               element = wait.until(EC.visibility_of_element_located((By.XPATH, \"//div[@class='error ng-star-inserted']\")))\n\nXeed_Login_Page\\Test_TC014.py:54: \n_ _ _ _ _ _ _ _ _ _ _ _ _ _ _ _ _ _ _ _ _ _ _ _ _ _ _ _ _ _ _ _ _ _ _ _ _ _ _ _ _ _ _ _ _ _ _ _ _ _ _ _ _ _ _ _ _ _ _ _ _ _ _ _ _ _ _ _ _ _ _ _ _ _ _ _ _ _ _ _ _ _ _ _ _ _ _ _ _ _ _ _\n\nself = <selenium.webdriver.support.wait.WebDriverWait (session=\"2cf1eac6-6599-4a2c-a103-c46737e98ee1\")>\nmethod = <function visibility_of_element_located.<locals>._predicate at 0x00000211631D13A0>, message = ''\n\n    def until(self, method: Callable[[D], Union[Literal[False], T]], message: str = \"\") -> T:\n        \"\"\"Wait until the method returns a value that is not False.\n    \n        Calls the method provided with the driver as an argument until the\n        return value does not evaluate to ``False``.\n    \n        Parameters:\n        -----------\n        method: callable(WebDriver)\n            - A callable object that takes a WebDriver instance as an argument.\n    \n        message: str\n            - Optional message for :exc:`TimeoutException`\n    \n        Return:\n        -------\n        object: T\n            - The result of the last call to `method`\n    \n        Raises:\n        -------\n        TimeoutException\n            - If 'method' does not return a truthy value within the WebDriverWait\n            object's timeout\n    \n        Example:\n        --------\n        >>> from selenium.webdriver.common.by import By\n        >>> from selenium.webdriver.support.ui import WebDriverWait\n        >>> from selenium.webdriver.support import expected_conditions as EC\n    \n        # Wait until an element is visible on the page\n        >>> wait = WebDriverWait(driver, 10)\n        >>> element = wait.until(EC.visibility_of_element_located((By.ID, \"exampleId\")))\n        >>> print(element.text)\n        \"\"\"\n        screen = None\n        stacktrace = None\n    \n        end_time = time.monotonic() + self._timeout\n        while True:\n            try:\n                value = method(self._driver)\n                if value:\n                    return value\n            except self._ignored_exceptions as exc:\n                screen = getattr(exc, \"screen\", None)\n                stacktrace = getattr(exc, \"stacktrace\", None)\n            if time.monotonic() > end_time:\n                break\n            time.sleep(self._poll)\n>       raise TimeoutException(message, screen, stacktrace)\nE       selenium.common.exceptions.TimeoutException: Message: \nE       Stacktrace:\nE       RemoteError@chrome://remote/content/shared/RemoteError.sys.mjs:8:8\nE       WebDriverError@chrome://remote/content/shared/webdriver/Errors.sys.mjs:199:5\nE       NoSuchElementError@chrome://remote/content/shared/webdriver/Errors.sys.mjs:552:5\nE       dom.find/</<@chrome://remote/content/shared/DOM.sys.mjs:136:16\n\nvenv\\Lib\\site-packages\\selenium\\webdriver\\support\\wait.py:146: TimeoutException\n\nDuring handling of the above exception, another exception occurred:\n\nsetup = <selenium.webdriver.firefox.webdriver.WebDriver (session=\"2cf1eac6-6599-4a2c-a103-c46737e98ee1\")>\n\n    @allure.feature(\"XEED_Ventures_Login_Page\")\n    @allure.title(\"TC015 - Testing the Passwords do not match text\")\n    @allure.description(\"\"\"\n    **Test Type**\n    Functional and cross-browser testing\n    \n    **Test Scenario**\n    Entering the email, new password but entering different password in confirm password field and waiting till the **Passwords do not match text**\n    \n    **Input data**\n    Email: Sk12@gmail.com\n    New Password: cpktnwt\n    Confirm Password: chethan\n    \n    **Test passes if**\n    The **Valid email is required** text is displayed when confirm password field is entered and waited.\n    \"\"\")\n    \n    def test_suite(setup):\n        driver = setup\n        wait = WebDriverWait(driver, 10)\n    \n        with allure.step(\"Login Page is opened\"):\n            driver.get(\"http://157.15.202.244:99/authentication/login\")\n    \n        with allure.step(\"Clicking on 'Forgot Password?' link\"):\n            element = wait.until(EC.element_to_be_clickable((By.XPATH, \"//a[normalize-space()='Forgot Password?']\")))\n            element.click()\n    \n        with allure.step(\"Entering the Email\"):\n            element = wait.until(EC.element_to_be_clickable((By.XPATH, \"//input[@formcontrolname='email']\")))\n            element.click()\n            element.send_keys(\"Sk12@gmail.com\")\n    \n        with allure.step(\"Entering the NewPassword\"):\n            element = wait.until(EC.element_to_be_clickable((By.XPATH, \"//input[@formcontrolname='newPassword']\")))\n            element.click()\n            element.send_keys(\"cpktnwt\")\n    \n        with allure.step(\"Entering the password in Confirm Password field\"):\n            element = wait.until(EC.element_to_be_clickable((By.XPATH, \"//input[@formcontrolname='confirmPassword']\")))\n            element.click()\n            element.send_keys(\"chethan\")\n    \n        with allure.step(\"Validating 'Passwords do not match' error is shown\"):\n            try:\n                element = wait.until(EC.visibility_of_element_located((By.XPATH, \"//div[@class='error ng-star-inserted']\")))\n                assert element.is_displayed(), \"Expected 'Passwords do not match' message not visible\"\n                allure.attach(element.text, name= \"Text displayed\", attachment_type=allure.attachment_type.TEXT )\n    \n            except:\n>               pytest.fail(\"Element not found within the wait time\")\nE               Failed: Element not found within the wait time\n\nXeed_Login_Page\\Test_TC014.py:59: Failed","flaky":false,"newFailed":false,"newBroken":false,"newPassed":false,"retriesCount":3,"retriesStatusChange":true,"beforeStages":[{"name":"setup","time":{"start":1750152381778,"stop":1750152394527,"duration":12749},"status":"passed","steps":[],"attachments":[],"parameters":[],"shouldDisplayMessage":false,"attachmentsCount":0,"attachmentStep":false,"stepsCount":0,"hasContent":false}],"testStage":{"description":"\n**Test Type**  \nFunctional and cross-browser testing\n\n**Test Scenario**\nEntering the email, new password but entering different password in confirm password field and waiting till the **Passwords do not match text**\n\n**Input data**\nEmail: Sk12@gmail.com\nNew Password: cpktnwt\nConfirm Password: chethan\n\n**Test passes if**\nThe **Valid email is required** text is displayed when confirm password field is entered and waited.\n","status":"failed","statusMessage":"Failed: Element not found within the wait time","statusTrace":"setup = <selenium.webdriver.firefox.webdriver.WebDriver (session=\"2cf1eac6-6599-4a2c-a103-c46737e98ee1\")>\n\n    @allure.feature(\"XEED_Ventures_Login_Page\")\n    @allure.title(\"TC015 - Testing the Passwords do not match text\")\n    @allure.description(\"\"\"\n    **Test Type**\n    Functional and cross-browser testing\n    \n    **Test Scenario**\n    Entering the email, new password but entering different password in confirm password field and waiting till the **Passwords do not match text**\n    \n    **Input data**\n    Email: Sk12@gmail.com\n    New Password: cpktnwt\n    Confirm Password: chethan\n    \n    **Test passes if**\n    The **Valid email is required** text is displayed when confirm password field is entered and waited.\n    \"\"\")\n    \n    def test_suite(setup):\n        driver = setup\n        wait = WebDriverWait(driver, 10)\n    \n        with allure.step(\"Login Page is opened\"):\n            driver.get(\"http://157.15.202.244:99/authentication/login\")\n    \n        with allure.step(\"Clicking on 'Forgot Password?' link\"):\n            element = wait.until(EC.element_to_be_clickable((By.XPATH, \"//a[normalize-space()='Forgot Password?']\")))\n            element.click()\n    \n        with allure.step(\"Entering the Email\"):\n            element = wait.until(EC.element_to_be_clickable((By.XPATH, \"//input[@formcontrolname='email']\")))\n            element.click()\n            element.send_keys(\"Sk12@gmail.com\")\n    \n        with allure.step(\"Entering the NewPassword\"):\n            element = wait.until(EC.element_to_be_clickable((By.XPATH, \"//input[@formcontrolname='newPassword']\")))\n            element.click()\n            element.send_keys(\"cpktnwt\")\n    \n        with allure.step(\"Entering the password in Confirm Password field\"):\n            element = wait.until(EC.element_to_be_clickable((By.XPATH, \"//input[@formcontrolname='confirmPassword']\")))\n            element.click()\n            element.send_keys(\"chethan\")\n    \n        with allure.step(\"Validating 'Passwords do not match' error is shown\"):\n            try:\n>               element = wait.until(EC.visibility_of_element_located((By.XPATH, \"//div[@class='error ng-star-inserted']\")))\n\nXeed_Login_Page\\Test_TC014.py:54: \n_ _ _ _ _ _ _ _ _ _ _ _ _ _ _ _ _ _ _ _ _ _ _ _ _ _ _ _ _ _ _ _ _ _ _ _ _ _ _ _ _ _ _ _ _ _ _ _ _ _ _ _ _ _ _ _ _ _ _ _ _ _ _ _ _ _ _ _ _ _ _ _ _ _ _ _ _ _ _ _ _ _ _ _ _ _ _ _ _ _ _ _\n\nself = <selenium.webdriver.support.wait.WebDriverWait (session=\"2cf1eac6-6599-4a2c-a103-c46737e98ee1\")>\nmethod = <function visibility_of_element_located.<locals>._predicate at 0x00000211631D13A0>, message = ''\n\n    def until(self, method: Callable[[D], Union[Literal[False], T]], message: str = \"\") -> T:\n        \"\"\"Wait until the method returns a value that is not False.\n    \n        Calls the method provided with the driver as an argument until the\n        return value does not evaluate to ``False``.\n    \n        Parameters:\n        -----------\n        method: callable(WebDriver)\n            - A callable object that takes a WebDriver instance as an argument.\n    \n        message: str\n            - Optional message for :exc:`TimeoutException`\n    \n        Return:\n        -------\n        object: T\n            - The result of the last call to `method`\n    \n        Raises:\n        -------\n        TimeoutException\n            - If 'method' does not return a truthy value within the WebDriverWait\n            object's timeout\n    \n        Example:\n        --------\n        >>> from selenium.webdriver.common.by import By\n        >>> from selenium.webdriver.support.ui import WebDriverWait\n        >>> from selenium.webdriver.support import expected_conditions as EC\n    \n        # Wait until an element is visible on the page\n        >>> wait = WebDriverWait(driver, 10)\n        >>> element = wait.until(EC.visibility_of_element_located((By.ID, \"exampleId\")))\n        >>> print(element.text)\n        \"\"\"\n        screen = None\n        stacktrace = None\n    \n        end_time = time.monotonic() + self._timeout\n        while True:\n            try:\n                value = method(self._driver)\n                if value:\n                    return value\n            except self._ignored_exceptions as exc:\n                screen = getattr(exc, \"screen\", None)\n                stacktrace = getattr(exc, \"stacktrace\", None)\n            if time.monotonic() > end_time:\n                break\n            time.sleep(self._poll)\n>       raise TimeoutException(message, screen, stacktrace)\nE       selenium.common.exceptions.TimeoutException: Message: \nE       Stacktrace:\nE       RemoteError@chrome://remote/content/shared/RemoteError.sys.mjs:8:8\nE       WebDriverError@chrome://remote/content/shared/webdriver/Errors.sys.mjs:199:5\nE       NoSuchElementError@chrome://remote/content/shared/webdriver/Errors.sys.mjs:552:5\nE       dom.find/</<@chrome://remote/content/shared/DOM.sys.mjs:136:16\n\nvenv\\Lib\\site-packages\\selenium\\webdriver\\support\\wait.py:146: TimeoutException\n\nDuring handling of the above exception, another exception occurred:\n\nsetup = <selenium.webdriver.firefox.webdriver.WebDriver (session=\"2cf1eac6-6599-4a2c-a103-c46737e98ee1\")>\n\n    @allure.feature(\"XEED_Ventures_Login_Page\")\n    @allure.title(\"TC015 - Testing the Passwords do not match text\")\n    @allure.description(\"\"\"\n    **Test Type**\n    Functional and cross-browser testing\n    \n    **Test Scenario**\n    Entering the email, new password but entering different password in confirm password field and waiting till the **Passwords do not match text**\n    \n    **Input data**\n    Email: Sk12@gmail.com\n    New Password: cpktnwt\n    Confirm Password: chethan\n    \n    **Test passes if**\n    The **Valid email is required** text is displayed when confirm password field is entered and waited.\n    \"\"\")\n    \n    def test_suite(setup):\n        driver = setup\n        wait = WebDriverWait(driver, 10)\n    \n        with allure.step(\"Login Page is opened\"):\n            driver.get(\"http://157.15.202.244:99/authentication/login\")\n    \n        with allure.step(\"Clicking on 'Forgot Password?' link\"):\n            element = wait.until(EC.element_to_be_clickable((By.XPATH, \"//a[normalize-space()='Forgot Password?']\")))\n            element.click()\n    \n        with allure.step(\"Entering the Email\"):\n            element = wait.until(EC.element_to_be_clickable((By.XPATH, \"//input[@formcontrolname='email']\")))\n            element.click()\n            element.send_keys(\"Sk12@gmail.com\")\n    \n        with allure.step(\"Entering the NewPassword\"):\n            element = wait.until(EC.element_to_be_clickable((By.XPATH, \"//input[@formcontrolname='newPassword']\")))\n            element.click()\n            element.send_keys(\"cpktnwt\")\n    \n        with allure.step(\"Entering the password in Confirm Password field\"):\n            element = wait.until(EC.element_to_be_clickable((By.XPATH, \"//input[@formcontrolname='confirmPassword']\")))\n            element.click()\n            element.send_keys(\"chethan\")\n    \n        with allure.step(\"Validating 'Passwords do not match' error is shown\"):\n            try:\n                element = wait.until(EC.visibility_of_element_located((By.XPATH, \"//div[@class='error ng-star-inserted']\")))\n                assert element.is_displayed(), \"Expected 'Passwords do not match' message not visible\"\n                allure.attach(element.text, name= \"Text displayed\", attachment_type=allure.attachment_type.TEXT )\n    \n            except:\n>               pytest.fail(\"Element not found within the wait time\")\nE               Failed: Element not found within the wait time\n\nXeed_Login_Page\\Test_TC014.py:59: Failed","steps":[{"name":"Login Page is opened","time":{"start":1750152394528,"stop":1750152398969,"duration":4441},"status":"passed","steps":[],"attachments":[],"parameters":[],"shouldDisplayMessage":false,"attachmentsCount":0,"attachmentStep":false,"stepsCount":0,"hasContent":false},{"name":"Clicking on 'Forgot Password?' link","time":{"start":1750152398969,"stop":1750152399278,"duration":309},"status":"passed","steps":[],"attachments":[],"parameters":[],"shouldDisplayMessage":false,"attachmentsCount":0,"attachmentStep":false,"stepsCount":0,"hasContent":false},{"name":"Entering the Email","time":{"start":1750152399278,"stop":1750152399573,"duration":295},"status":"passed","steps":[],"attachments":[],"parameters":[],"shouldDisplayMessage":false,"attachmentsCount":0,"attachmentStep":false,"stepsCount":0,"hasContent":false},{"name":"Entering the NewPassword","time":{"start":1750152399573,"stop":1750152399826,"duration":253},"status":"passed","steps":[],"attachments":[],"parameters":[],"shouldDisplayMessage":false,"attachmentsCount":0,"attachmentStep":false,"stepsCount":0,"hasContent":false},{"name":"Entering the password in Confirm Password field","time":{"start":1750152399826,"stop":1750152400116,"duration":290},"status":"passed","steps":[],"attachments":[],"parameters":[],"shouldDisplayMessage":false,"attachmentsCount":0,"attachmentStep":false,"stepsCount":0,"hasContent":false},{"name":"Validating 'Passwords do not match' error is shown","time":{"start":1750152400116,"stop":1750152410216,"duration":10100},"status":"failed","statusMessage":"Failed: Element not found within the wait time\n","statusTrace":"  File \"C:\\Users\\sagar\\PycharmProjects\\TestingProject\\Xeed_Login_Page\\Test_TC014.py\", line 59, in test_suite\n    pytest.fail(\"Element not found within the wait time\")\n    ~~~~~~~~~~~^^^^^^^^^^^^^^^^^^^^^^^^^^^^^^^^^^^^^^^^^^\n  File \"C:\\Users\\sagar\\PycharmProjects\\TestingProject\\venv\\Lib\\site-packages\\_pytest\\outcomes.py\", line 178, in fail\n    raise Failed(msg=reason, pytrace=pytrace)\n","steps":[],"attachments":[],"parameters":[],"shouldDisplayMessage":true,"attachmentsCount":0,"attachmentStep":false,"stepsCount":0,"hasContent":true}],"attachments":[],"parameters":[],"shouldDisplayMessage":true,"attachmentsCount":0,"attachmentStep":false,"stepsCount":6,"hasContent":true},"afterStages":[{"name":"setup::0","time":{"start":1750152410236,"stop":1750152413345,"duration":3109},"status":"passed","steps":[],"attachments":[],"parameters":[],"shouldDisplayMessage":false,"attachmentsCount":0,"attachmentStep":false,"stepsCount":0,"hasContent":false}],"labels":[{"name":"feature","value":"XEED_Ventures_Login_Page"},{"name":"parentSuite","value":"Xeed_Login_Page"},{"name":"suite","value":"Test_TC014"},{"name":"host","value":"DESKTOP-0Q1NQ4H"},{"name":"thread","value":"30940-MainThread"},{"name":"framework","value":"pytest"},{"name":"language","value":"cpython3"},{"name":"package","value":"Xeed_Login_Page.Test_TC014"},{"name":"resultFormat","value":"allure2"}],"parameters":[{"name":"setup","value":"'chrome'"}],"links":[],"hidden":false,"retry":false,"extra":{"severity":"normal","retries":[{"uid":"6202298cc97d796d","status":"failed","statusDetails":"Failed: Element not found within the wait time","time":{"start":1750151619363,"stop":1750151634470,"duration":15107}},{"uid":"679560c469d96d84","status":"broken","statusDetails":"selenium.common.exceptions.TimeoutException: Message: \nStacktrace:\nRemoteError@chrome://remote/content/shared/RemoteError.sys.mjs:8:8\nWebDriverError@chrome://remote/content/shared/webdriver/Errors.sys.mjs:199:5\nNoSuchElementError@chrome://remote/content/shared/webdriver/Errors.sys.mjs:552:5\ndom.find/</<@chrome://remote/content/shared/DOM.sys.mjs:136:16","time":{"start":1750151130852,"stop":1750151146974,"duration":16122}},{"uid":"eaeca9886c11bc43","status":"broken","statusDetails":"selenium.common.exceptions.TimeoutException: Message: \nStacktrace:\nRemoteError@chrome://remote/content/shared/RemoteError.sys.mjs:8:8\nWebDriverError@chrome://remote/content/shared/webdriver/Errors.sys.mjs:199:5\nNoSuchElementError@chrome://remote/content/shared/webdriver/Errors.sys.mjs:552:5\ndom.find/</<@chrome://remote/content/shared/DOM.sys.mjs:136:16","time":{"start":1750146643668,"stop":1750146656941,"duration":13273}}],"categories":[{"name":"Product defects","matchedStatuses":[]}],"tags":[]},"source":"e7b88dceb8639eb7.json","parameterValues":["'chrome'"]}