{"uid":"f4ef49720dcd034a","name":"TC_IO_001 - Initial Verification of a New Investor","fullName":"AIF_Investor_Onboarding.Test_IO_001#test_site","historyId":"7dad882476d7397d6d10bc6174dcde8e","time":{"start":1753338357806,"stop":1753338364074,"duration":6268},"description":"\n**Test Scenario:**  \nAll the mandatory fields will be filled and form is submitted.\n\n**Expected Result:**  \nIt should redirect to the Investor Profile page.\n\n**How it is evaluated:**  \nVerified by checking if URL changes to `/InvestorProfile`.\n","descriptionHtml":"<p><strong>Test Scenario:</strong><br />\nAll the mandatory fields will be filled and form is submitted.</p>\n<p><strong>Expected Result:</strong><br />\nIt should redirect to the Investor Profile page.</p>\n<p><strong>How it is evaluated:</strong><br />\nVerified by checking if URL changes to <code>/InvestorProfile</code>.</p>\n","status":"broken","statusMessage":"selenium.common.exceptions.NoSuchElementException: Message: Could not locate element with visible text: Directors; For documentation on this error, please visit: https://www.selenium.dev/documentation/webdriver/troubleshooting/errors#nosuchelementexception","statusTrace":"setup = <selenium.webdriver.chrome.webdriver.WebDriver (session=\"5b7f7f3af97df1dc28c86ec63f00f728\")>\nlogin_user = <function login_user.<locals>._login at 0x000001B829404900>\nclick_element = <function click_element.<locals>._click_element at 0x000001B829404860>\ntype_into_field = <function type_into_field.<locals>._type_into_field at 0x000001B828F118A0>\nselect_dropdown_option = <function select_dropdown_option.<locals>._select_dropdown_option at 0x000001B8293BA7A0>\nrequest = <FixtureRequest for <Function test_site[chrome]>>\n\n    @allure.feature(\"AIF Investor Onboarding\")\n    @allure.title(\"TC_IO_001 - Initial Verification of a New Investor\")\n    @allure.description(\"\"\"\n    **Test Scenario:**\n    All the mandatory fields will be filled and form is submitted.\n    \n    **Expected Result:**\n    It should redirect to the Investor Profile page.\n    \n    **How it is evaluated:**\n    Verified by checking if URL changes to `/InvestorProfile`.\n    \"\"\")\n    def test_site(setup, login_user, click_element, type_into_field, select_dropdown_option, request):\n        driver = setup\n    \n        browser = request.param if hasattr(request, \"param\") else \"chrome\"\n        user_data = user_data_map.get(browser, user_data_map[\"chrome\"])\n    \n        login_user(driver)\n    \n        click_element(driver, \"Navigating to Investor Node\", \"//span[normalize-space()='Investors']\")\n        click_element(driver, \"Clicking Add Investor\", \"//button[normalize-space()='Add Investor']\")\n        click_element(driver, \"Selecting Investor Type: Individual\", \"//div[@class='radio-group']//div[2]//input[1]\")\n>       select_dropdown_option(driver, \"Selecting Investor Sub Type: Nri\", \"//select[@name='customerSubType']\", \"Directors\")\n\nAIF_Investor_Onboarding\\Test_IO_001.py:48: \n_ _ _ _ _ _ _ _ _ _ _ _ _ _ _ _ _ _ _ _ _ _ _ _ _ _ _ _ _ _ _ _ _ _ _ _ _ _ _ _ _ _ _ _ _ _ _ _ _ _ _ _ _ _ _ _ _ _ _ _ _ _ _ _ _ _ _ _ _ _ _ _ _ _ _ _ _ _ _\nAIF_Investor_Onboarding\\conftest.py:63: in _select_dropdown_option\n    select.select_by_visible_text(visible_text)\n_ _ _ _ _ _ _ _ _ _ _ _ _ _ _ _ _ _ _ _ _ _ _ _ _ _ _ _ _ _ _ _ _ _ _ _ _ _ _ _ _ _ _ _ _ _ _ _ _ _ _ _ _ _ _ _ _ _ _ _ _ _ _ _ _ _ _ _ _ _ _ _ _ _ _ _ _ _ _\n\nself = <selenium.webdriver.support.select.Select object at 0x000001B82936F620>, text = 'Directors'\n\n    def select_by_visible_text(self, text: str) -> None:\n        \"\"\"Select all options that display text matching the argument. That is,\n        when given \"Bar\" this would select an option like:\n    \n         <option value=\"foo\">Bar</option>\n    \n        :Args:\n         - text - The visible text to match against\n    \n         throws NoSuchElementException If there is no option with specified text in SELECT\n        \"\"\"\n        xpath = f\".//option[normalize-space(.) = {self._escape_string(text)}]\"\n        opts = self._el.find_elements(By.XPATH, xpath)\n        matched = False\n        for opt in opts:\n            if not self._has_css_property_and_visible(opt):\n                raise NoSuchElementException(f\"Invisible option with text: {text}\")\n            self._set_selected(opt)\n            if not self.is_multiple:\n                return\n            matched = True\n    \n        if len(opts) == 0 and \" \" in text:\n            sub_string_without_space = self._get_longest_token(text)\n            if sub_string_without_space == \"\":\n                candidates = self.options\n            else:\n                xpath = f\".//option[contains(.,{self._escape_string(sub_string_without_space)})]\"\n                candidates = self._el.find_elements(By.XPATH, xpath)\n            for candidate in candidates:\n                if text == candidate.text:\n                    if not self._has_css_property_and_visible(candidate):\n                        raise NoSuchElementException(f\"Invisible option with text: {text}\")\n                    self._set_selected(candidate)\n                    if not self.is_multiple:\n                        return\n                    matched = True\n    \n        if not matched:\n>           raise NoSuchElementException(f\"Could not locate element with visible text: {text}\")\nE           selenium.common.exceptions.NoSuchElementException: Message: Could not locate element with visible text: Directors; For documentation on this error, please visit: https://www.selenium.dev/documentation/webdriver/troubleshooting/errors#nosuchelementexception\n\n.venv\\Lib\\site-packages\\selenium\\webdriver\\support\\select.py:139: NoSuchElementException","flaky":false,"newFailed":false,"newBroken":false,"newPassed":false,"retriesCount":0,"retriesStatusChange":false,"beforeStages":[{"name":"setup","time":{"start":1753338354503,"stop":1753338357802,"duration":3299},"status":"passed","steps":[],"attachments":[],"parameters":[],"stepsCount":0,"attachmentsCount":0,"shouldDisplayMessage":false,"attachmentStep":false,"hasContent":false},{"name":"type_into_field","time":{"start":1753338357802,"stop":1753338357802,"duration":0},"status":"passed","steps":[],"attachments":[],"parameters":[],"stepsCount":0,"attachmentsCount":0,"shouldDisplayMessage":false,"attachmentStep":false,"hasContent":false},{"name":"login_user","time":{"start":1753338357803,"stop":1753338357803,"duration":0},"status":"passed","steps":[],"attachments":[],"parameters":[],"stepsCount":0,"attachmentsCount":0,"shouldDisplayMessage":false,"attachmentStep":false,"hasContent":false},{"name":"click_element","time":{"start":1753338357803,"stop":1753338357803,"duration":0},"status":"passed","steps":[],"attachments":[],"parameters":[],"stepsCount":0,"attachmentsCount":0,"shouldDisplayMessage":false,"attachmentStep":false,"hasContent":false},{"name":"select_dropdown_option","time":{"start":1753338357803,"stop":1753338357803,"duration":0},"status":"passed","steps":[],"attachments":[],"parameters":[],"stepsCount":0,"attachmentsCount":0,"shouldDisplayMessage":false,"attachmentStep":false,"hasContent":false}],"testStage":{"description":"\n**Test Scenario:**  \nAll the mandatory fields will be filled and form is submitted.\n\n**Expected Result:**  \nIt should redirect to the Investor Profile page.\n\n**How it is evaluated:**  \nVerified by checking if URL changes to `/InvestorProfile`.\n","status":"broken","statusMessage":"selenium.common.exceptions.NoSuchElementException: Message: Could not locate element with visible text: Directors; For documentation on this error, please visit: https://www.selenium.dev/documentation/webdriver/troubleshooting/errors#nosuchelementexception","statusTrace":"setup = <selenium.webdriver.chrome.webdriver.WebDriver (session=\"5b7f7f3af97df1dc28c86ec63f00f728\")>\nlogin_user = <function login_user.<locals>._login at 0x000001B829404900>\nclick_element = <function click_element.<locals>._click_element at 0x000001B829404860>\ntype_into_field = <function type_into_field.<locals>._type_into_field at 0x000001B828F118A0>\nselect_dropdown_option = <function select_dropdown_option.<locals>._select_dropdown_option at 0x000001B8293BA7A0>\nrequest = <FixtureRequest for <Function test_site[chrome]>>\n\n    @allure.feature(\"AIF Investor Onboarding\")\n    @allure.title(\"TC_IO_001 - Initial Verification of a New Investor\")\n    @allure.description(\"\"\"\n    **Test Scenario:**\n    All the mandatory fields will be filled and form is submitted.\n    \n    **Expected Result:**\n    It should redirect to the Investor Profile page.\n    \n    **How it is evaluated:**\n    Verified by checking if URL changes to `/InvestorProfile`.\n    \"\"\")\n    def test_site(setup, login_user, click_element, type_into_field, select_dropdown_option, request):\n        driver = setup\n    \n        browser = request.param if hasattr(request, \"param\") else \"chrome\"\n        user_data = user_data_map.get(browser, user_data_map[\"chrome\"])\n    \n        login_user(driver)\n    \n        click_element(driver, \"Navigating to Investor Node\", \"//span[normalize-space()='Investors']\")\n        click_element(driver, \"Clicking Add Investor\", \"//button[normalize-space()='Add Investor']\")\n        click_element(driver, \"Selecting Investor Type: Individual\", \"//div[@class='radio-group']//div[2]//input[1]\")\n>       select_dropdown_option(driver, \"Selecting Investor Sub Type: Nri\", \"//select[@name='customerSubType']\", \"Directors\")\n\nAIF_Investor_Onboarding\\Test_IO_001.py:48: \n_ _ _ _ _ _ _ _ _ _ _ _ _ _ _ _ _ _ _ _ _ _ _ _ _ _ _ _ _ _ _ _ _ _ _ _ _ _ _ _ _ _ _ _ _ _ _ _ _ _ _ _ _ _ _ _ _ _ _ _ _ _ _ _ _ _ _ _ _ _ _ _ _ _ _ _ _ _ _\nAIF_Investor_Onboarding\\conftest.py:63: in _select_dropdown_option\n    select.select_by_visible_text(visible_text)\n_ _ _ _ _ _ _ _ _ _ _ _ _ _ _ _ _ _ _ _ _ _ _ _ _ _ _ _ _ _ _ _ _ _ _ _ _ _ _ _ _ _ _ _ _ _ _ _ _ _ _ _ _ _ _ _ _ _ _ _ _ _ _ _ _ _ _ _ _ _ _ _ _ _ _ _ _ _ _\n\nself = <selenium.webdriver.support.select.Select object at 0x000001B82936F620>, text = 'Directors'\n\n    def select_by_visible_text(self, text: str) -> None:\n        \"\"\"Select all options that display text matching the argument. That is,\n        when given \"Bar\" this would select an option like:\n    \n         <option value=\"foo\">Bar</option>\n    \n        :Args:\n         - text - The visible text to match against\n    \n         throws NoSuchElementException If there is no option with specified text in SELECT\n        \"\"\"\n        xpath = f\".//option[normalize-space(.) = {self._escape_string(text)}]\"\n        opts = self._el.find_elements(By.XPATH, xpath)\n        matched = False\n        for opt in opts:\n            if not self._has_css_property_and_visible(opt):\n                raise NoSuchElementException(f\"Invisible option with text: {text}\")\n            self._set_selected(opt)\n            if not self.is_multiple:\n                return\n            matched = True\n    \n        if len(opts) == 0 and \" \" in text:\n            sub_string_without_space = self._get_longest_token(text)\n            if sub_string_without_space == \"\":\n                candidates = self.options\n            else:\n                xpath = f\".//option[contains(.,{self._escape_string(sub_string_without_space)})]\"\n                candidates = self._el.find_elements(By.XPATH, xpath)\n            for candidate in candidates:\n                if text == candidate.text:\n                    if not self._has_css_property_and_visible(candidate):\n                        raise NoSuchElementException(f\"Invisible option with text: {text}\")\n                    self._set_selected(candidate)\n                    if not self.is_multiple:\n                        return\n                    matched = True\n    \n        if not matched:\n>           raise NoSuchElementException(f\"Could not locate element with visible text: {text}\")\nE           selenium.common.exceptions.NoSuchElementException: Message: Could not locate element with visible text: Directors; For documentation on this error, please visit: https://www.selenium.dev/documentation/webdriver/troubleshooting/errors#nosuchelementexception\n\n.venv\\Lib\\site-packages\\selenium\\webdriver\\support\\select.py:139: NoSuchElementException","steps":[{"name":"Enter Email","time":{"start":1753338359745,"stop":1753338360483,"duration":738},"status":"passed","steps":[],"attachments":[],"parameters":[],"stepsCount":0,"attachmentsCount":0,"shouldDisplayMessage":false,"attachmentStep":false,"hasContent":false},{"name":"Enter Password","time":{"start":1753338360483,"stop":1753338360578,"duration":95},"status":"passed","steps":[],"attachments":[],"parameters":[],"stepsCount":0,"attachmentsCount":0,"shouldDisplayMessage":false,"attachmentStep":false,"hasContent":false},{"name":"Click Login Button","time":{"start":1753338360578,"stop":1753338360655,"duration":77},"status":"passed","steps":[],"attachments":[],"parameters":[],"stepsCount":0,"attachmentsCount":0,"shouldDisplayMessage":false,"attachmentStep":false,"hasContent":false},{"name":"Navigating to Investor Node","time":{"start":1753338362707,"stop":1753338362801,"duration":94},"status":"passed","steps":[],"attachments":[],"parameters":[],"stepsCount":0,"attachmentsCount":0,"shouldDisplayMessage":false,"attachmentStep":false,"hasContent":false},{"name":"Clicking Add Investor","time":{"start":1753338362801,"stop":1753338363448,"duration":647},"status":"passed","steps":[],"attachments":[],"parameters":[],"stepsCount":0,"attachmentsCount":0,"shouldDisplayMessage":false,"attachmentStep":false,"hasContent":false},{"name":"Selecting Investor Type: Individual","time":{"start":1753338363448,"stop":1753338364038,"duration":590},"status":"passed","steps":[],"attachments":[],"parameters":[],"stepsCount":0,"attachmentsCount":0,"shouldDisplayMessage":false,"attachmentStep":false,"hasContent":false},{"name":"Selecting Investor Sub Type: Nri","time":{"start":1753338364038,"stop":1753338364071,"duration":33},"status":"broken","statusMessage":"selenium.common.exceptions.NoSuchElementException: Message: Could not locate element with visible text: Directors; For documentation on this error, please visit: https://www.selenium.dev/documentation/webdriver/troubleshooting/errors#nosuchelementexception\n\n","statusTrace":"  File \"C:\\Users\\Chetan KM\\PycharmProjects\\TestingProject\\AIF_Investor_Onboarding\\conftest.py\", line 63, in _select_dropdown_option\n    select.select_by_visible_text(visible_text)\n    ~~~~~~~~~~~~~~~~~~~~~~~~~~~~~^^^^^^^^^^^^^^\n  File \"C:\\Users\\Chetan KM\\PycharmProjects\\TestingProject\\.venv\\Lib\\site-packages\\selenium\\webdriver\\support\\select.py\", line 139, in select_by_visible_text\n    raise NoSuchElementException(f\"Could not locate element with visible text: {text}\")\n","steps":[],"attachments":[],"parameters":[],"stepsCount":0,"attachmentsCount":0,"shouldDisplayMessage":true,"attachmentStep":false,"hasContent":true}],"attachments":[],"parameters":[],"stepsCount":7,"attachmentsCount":0,"shouldDisplayMessage":true,"attachmentStep":false,"hasContent":true},"afterStages":[{"name":"setup::0","time":{"start":1753338364164,"stop":1753338366420,"duration":2256},"status":"passed","steps":[],"attachments":[],"parameters":[],"stepsCount":0,"attachmentsCount":0,"shouldDisplayMessage":false,"attachmentStep":false,"hasContent":false}],"labels":[{"name":"feature","value":"AIF Investor Onboarding"},{"name":"parentSuite","value":"AIF_Investor_Onboarding"},{"name":"suite","value":"Test_IO_001"},{"name":"host","value":"HP"},{"name":"thread","value":"6548-MainThread"},{"name":"framework","value":"pytest"},{"name":"language","value":"cpython3"},{"name":"package","value":"AIF_Investor_Onboarding.Test_IO_001"},{"name":"resultFormat","value":"allure2"}],"parameters":[{"name":"setup","value":"'chrome'"}],"links":[],"hidden":true,"retry":true,"extra":{"categories":[],"tags":[]},"source":"f4ef49720dcd034a.json","parameterValues":["'chrome'"]}