{"uid":"fb6db5d0fb774934","name":"TC_IO_001 - Initial Verification of a New Investor","fullName":"AIF_Investor_Onboarding.Test_IO_001#test_site","historyId":"7dad882476d7397d6d10bc6174dcde8e","time":{"start":1753276899585,"stop":1753276904912,"duration":5327},"description":"\n**Test Scenario:**  \nAll the mandatory fields will be filled for submit\n\n**Expected Result:**  \nIt should jump to next Investor Profile page after submit\n\n**How it is evaluated:**  \nThis is verified by checking the URL change; if initial verification is successful, the URL changes to `/InvestorProfile` from '/AddNewInvestor'\n","descriptionHtml":"<p><strong>Test Scenario:</strong><br />\nAll the mandatory fields will be filled for submit</p>\n<p><strong>Expected Result:</strong><br />\nIt should jump to next Investor Profile page after submit</p>\n<p><strong>How it is evaluated:</strong><br />\nThis is verified by checking the URL change; if initial verification is successful, the URL changes to <code>/InvestorProfile</code> from '/AddNewInvestor'</p>\n","status":"broken","statusMessage":"selenium.common.exceptions.NoSuchElementException: Message: Could not locate element with visible text: Nri; For documentation on this error, please visit: https://www.selenium.dev/documentation/webdriver/troubleshooting/errors#nosuchelementexception","statusTrace":"login_user = <function login_user.<locals>._login at 0x0000017C81B187C0>\nclick_element = <function click_element.<locals>._click_element at 0x0000017C81B196C0>\ntype_into_field = <function type_into_field.<locals>._type_into_field at 0x0000017C81ACF740>\nselect_dropdown_option = <function select_dropdown_option.<locals>._select_dropdown_option at 0x0000017C81B19260>\n\n    @allure.feature(\"AIF_Investor_Onboarding\")\n    @allure.title(\"TC_IO_001 - Initial Verification of a New Investor\")\n    @allure.description(\"\"\"\n    **Test Scenario:**\n    All the mandatory fields will be filled for submit\n    \n    **Expected Result:**\n    It should jump to next Investor Profile page after submit\n    \n    **How it is evaluated:**\n    This is verified by checking the URL change; if initial verification is successful, the URL changes to `/InvestorProfile` from '/AddNewInvestor'\n    \"\"\")\n    def test_site(login_user, click_element, type_into_field, select_dropdown_option):\n        driver = login_user()\n    \n        click_element(\"Navigating to Investor Node\", \"//span[normalize-space()='Investors']\")\n        click_element(\"Adding new Investor\", \"//button[normalize-space()='Add Investor']\")\n        click_element(\"Selecting Investor Type as Individual\", \"//div[@class='radio-group']//div[2]//input[1]\")\n>       select_dropdown_option(\"Selecting Investor Sub Type as Individual\", \"//select[@name='customerSubType']\", \"Nri\")\n\nAIF_Investor_Onboarding\\Test_IO_001.py:21: \n_ _ _ _ _ _ _ _ _ _ _ _ _ _ _ _ _ _ _ _ _ _ _ _ _ _ _ _ _ _ _ _ _ _ _ _ _ _ _ _ _ _ _ _ _ _ _ _ _ _ _ _ _ _ _ _ _ _ _ _ _ _ _ _ _ _ _ _ _ _ _ _ _ _ _ _ _ _ _\nAIF_Investor_Onboarding\\conftest.py:64: in _select_dropdown_option\n    select.select_by_visible_text(visible_text)\n_ _ _ _ _ _ _ _ _ _ _ _ _ _ _ _ _ _ _ _ _ _ _ _ _ _ _ _ _ _ _ _ _ _ _ _ _ _ _ _ _ _ _ _ _ _ _ _ _ _ _ _ _ _ _ _ _ _ _ _ _ _ _ _ _ _ _ _ _ _ _ _ _ _ _ _ _ _ _\n\nself = <selenium.webdriver.support.select.Select object at 0x0000017C81ADE0D0>, text = 'Nri'\n\n    def select_by_visible_text(self, text: str) -> None:\n        \"\"\"Select all options that display text matching the argument. That is,\n        when given \"Bar\" this would select an option like:\n    \n         <option value=\"foo\">Bar</option>\n    \n        :Args:\n         - text - The visible text to match against\n    \n         throws NoSuchElementException If there is no option with specified text in SELECT\n        \"\"\"\n        xpath = f\".//option[normalize-space(.) = {self._escape_string(text)}]\"\n        opts = self._el.find_elements(By.XPATH, xpath)\n        matched = False\n        for opt in opts:\n            if not self._has_css_property_and_visible(opt):\n                raise NoSuchElementException(f\"Invisible option with text: {text}\")\n            self._set_selected(opt)\n            if not self.is_multiple:\n                return\n            matched = True\n    \n        if len(opts) == 0 and \" \" in text:\n            sub_string_without_space = self._get_longest_token(text)\n            if sub_string_without_space == \"\":\n                candidates = self.options\n            else:\n                xpath = f\".//option[contains(.,{self._escape_string(sub_string_without_space)})]\"\n                candidates = self._el.find_elements(By.XPATH, xpath)\n            for candidate in candidates:\n                if text == candidate.text:\n                    if not self._has_css_property_and_visible(candidate):\n                        raise NoSuchElementException(f\"Invisible option with text: {text}\")\n                    self._set_selected(candidate)\n                    if not self.is_multiple:\n                        return\n                    matched = True\n    \n        if not matched:\n>           raise NoSuchElementException(f\"Could not locate element with visible text: {text}\")\nE           selenium.common.exceptions.NoSuchElementException: Message: Could not locate element with visible text: Nri; For documentation on this error, please visit: https://www.selenium.dev/documentation/webdriver/troubleshooting/errors#nosuchelementexception\n\n.venv\\Lib\\site-packages\\selenium\\webdriver\\support\\select.py:139: NoSuchElementException","flaky":false,"newFailed":false,"newBroken":false,"newPassed":false,"retriesCount":0,"retriesStatusChange":false,"beforeStages":[{"name":"setup","time":{"start":1753276896569,"stop":1753276899584,"duration":3015},"status":"passed","steps":[],"attachments":[],"parameters":[],"stepsCount":0,"attachmentsCount":0,"shouldDisplayMessage":false,"attachmentStep":false,"hasContent":false},{"name":"select_dropdown_option","time":{"start":1753276899584,"stop":1753276899584,"duration":0},"status":"passed","steps":[],"attachments":[],"parameters":[],"stepsCount":0,"attachmentsCount":0,"shouldDisplayMessage":false,"attachmentStep":false,"hasContent":false},{"name":"login_user","time":{"start":1753276899584,"stop":1753276899584,"duration":0},"status":"passed","steps":[],"attachments":[],"parameters":[],"stepsCount":0,"attachmentsCount":0,"shouldDisplayMessage":false,"attachmentStep":false,"hasContent":false},{"name":"type_into_field","time":{"start":1753276899584,"stop":1753276899584,"duration":0},"status":"passed","steps":[],"attachments":[],"parameters":[],"stepsCount":0,"attachmentsCount":0,"shouldDisplayMessage":false,"attachmentStep":false,"hasContent":false},{"name":"click_element","time":{"start":1753276899584,"stop":1753276899584,"duration":0},"status":"passed","steps":[],"attachments":[],"parameters":[],"stepsCount":0,"attachmentsCount":0,"shouldDisplayMessage":false,"attachmentStep":false,"hasContent":false}],"testStage":{"description":"\n**Test Scenario:**  \nAll the mandatory fields will be filled for submit\n\n**Expected Result:**  \nIt should jump to next Investor Profile page after submit\n\n**How it is evaluated:**  \nThis is verified by checking the URL change; if initial verification is successful, the URL changes to `/InvestorProfile` from '/AddNewInvestor'\n","status":"broken","statusMessage":"selenium.common.exceptions.NoSuchElementException: Message: Could not locate element with visible text: Nri; For documentation on this error, please visit: https://www.selenium.dev/documentation/webdriver/troubleshooting/errors#nosuchelementexception","statusTrace":"login_user = <function login_user.<locals>._login at 0x0000017C81B187C0>\nclick_element = <function click_element.<locals>._click_element at 0x0000017C81B196C0>\ntype_into_field = <function type_into_field.<locals>._type_into_field at 0x0000017C81ACF740>\nselect_dropdown_option = <function select_dropdown_option.<locals>._select_dropdown_option at 0x0000017C81B19260>\n\n    @allure.feature(\"AIF_Investor_Onboarding\")\n    @allure.title(\"TC_IO_001 - Initial Verification of a New Investor\")\n    @allure.description(\"\"\"\n    **Test Scenario:**\n    All the mandatory fields will be filled for submit\n    \n    **Expected Result:**\n    It should jump to next Investor Profile page after submit\n    \n    **How it is evaluated:**\n    This is verified by checking the URL change; if initial verification is successful, the URL changes to `/InvestorProfile` from '/AddNewInvestor'\n    \"\"\")\n    def test_site(login_user, click_element, type_into_field, select_dropdown_option):\n        driver = login_user()\n    \n        click_element(\"Navigating to Investor Node\", \"//span[normalize-space()='Investors']\")\n        click_element(\"Adding new Investor\", \"//button[normalize-space()='Add Investor']\")\n        click_element(\"Selecting Investor Type as Individual\", \"//div[@class='radio-group']//div[2]//input[1]\")\n>       select_dropdown_option(\"Selecting Investor Sub Type as Individual\", \"//select[@name='customerSubType']\", \"Nri\")\n\nAIF_Investor_Onboarding\\Test_IO_001.py:21: \n_ _ _ _ _ _ _ _ _ _ _ _ _ _ _ _ _ _ _ _ _ _ _ _ _ _ _ _ _ _ _ _ _ _ _ _ _ _ _ _ _ _ _ _ _ _ _ _ _ _ _ _ _ _ _ _ _ _ _ _ _ _ _ _ _ _ _ _ _ _ _ _ _ _ _ _ _ _ _\nAIF_Investor_Onboarding\\conftest.py:64: in _select_dropdown_option\n    select.select_by_visible_text(visible_text)\n_ _ _ _ _ _ _ _ _ _ _ _ _ _ _ _ _ _ _ _ _ _ _ _ _ _ _ _ _ _ _ _ _ _ _ _ _ _ _ _ _ _ _ _ _ _ _ _ _ _ _ _ _ _ _ _ _ _ _ _ _ _ _ _ _ _ _ _ _ _ _ _ _ _ _ _ _ _ _\n\nself = <selenium.webdriver.support.select.Select object at 0x0000017C81ADE0D0>, text = 'Nri'\n\n    def select_by_visible_text(self, text: str) -> None:\n        \"\"\"Select all options that display text matching the argument. That is,\n        when given \"Bar\" this would select an option like:\n    \n         <option value=\"foo\">Bar</option>\n    \n        :Args:\n         - text - The visible text to match against\n    \n         throws NoSuchElementException If there is no option with specified text in SELECT\n        \"\"\"\n        xpath = f\".//option[normalize-space(.) = {self._escape_string(text)}]\"\n        opts = self._el.find_elements(By.XPATH, xpath)\n        matched = False\n        for opt in opts:\n            if not self._has_css_property_and_visible(opt):\n                raise NoSuchElementException(f\"Invisible option with text: {text}\")\n            self._set_selected(opt)\n            if not self.is_multiple:\n                return\n            matched = True\n    \n        if len(opts) == 0 and \" \" in text:\n            sub_string_without_space = self._get_longest_token(text)\n            if sub_string_without_space == \"\":\n                candidates = self.options\n            else:\n                xpath = f\".//option[contains(.,{self._escape_string(sub_string_without_space)})]\"\n                candidates = self._el.find_elements(By.XPATH, xpath)\n            for candidate in candidates:\n                if text == candidate.text:\n                    if not self._has_css_property_and_visible(candidate):\n                        raise NoSuchElementException(f\"Invisible option with text: {text}\")\n                    self._set_selected(candidate)\n                    if not self.is_multiple:\n                        return\n                    matched = True\n    \n        if not matched:\n>           raise NoSuchElementException(f\"Could not locate element with visible text: {text}\")\nE           selenium.common.exceptions.NoSuchElementException: Message: Could not locate element with visible text: Nri; For documentation on this error, please visit: https://www.selenium.dev/documentation/webdriver/troubleshooting/errors#nosuchelementexception\n\n.venv\\Lib\\site-packages\\selenium\\webdriver\\support\\select.py:139: NoSuchElementException","steps":[{"name":"Enter Email","time":{"start":1753276901605,"stop":1753276901757,"duration":152},"status":"passed","steps":[],"attachments":[],"parameters":[],"stepsCount":0,"attachmentsCount":0,"shouldDisplayMessage":false,"attachmentStep":false,"hasContent":false},{"name":"Enter Password","time":{"start":1753276901757,"stop":1753276901829,"duration":72},"status":"passed","steps":[],"attachments":[],"parameters":[],"stepsCount":0,"attachmentsCount":0,"shouldDisplayMessage":false,"attachmentStep":false,"hasContent":false},{"name":"Click Login Button","time":{"start":1753276901829,"stop":1753276901921,"duration":92},"status":"passed","steps":[],"attachments":[],"parameters":[],"stepsCount":0,"attachmentsCount":0,"shouldDisplayMessage":false,"attachmentStep":false,"hasContent":false},{"name":"Navigating to Investor Node","time":{"start":1753276903490,"stop":1753276903616,"duration":126},"status":"passed","steps":[],"attachments":[],"parameters":[],"stepsCount":0,"attachmentsCount":0,"shouldDisplayMessage":false,"attachmentStep":false,"hasContent":false},{"name":"Adding new Investor","time":{"start":1753276903616,"stop":1753276904286,"duration":670},"status":"passed","steps":[],"attachments":[],"parameters":[],"stepsCount":0,"attachmentsCount":0,"shouldDisplayMessage":false,"attachmentStep":false,"hasContent":false},{"name":"Selecting Investor Type as Individual","time":{"start":1753276904286,"stop":1753276904878,"duration":592},"status":"passed","steps":[],"attachments":[],"parameters":[],"stepsCount":0,"attachmentsCount":0,"shouldDisplayMessage":false,"attachmentStep":false,"hasContent":false},{"name":"Selecting Investor Sub Type as Individual","time":{"start":1753276904878,"stop":1753276904910,"duration":32},"status":"broken","statusMessage":"selenium.common.exceptions.NoSuchElementException: Message: Could not locate element with visible text: Nri; For documentation on this error, please visit: https://www.selenium.dev/documentation/webdriver/troubleshooting/errors#nosuchelementexception\n\n","statusTrace":"  File \"C:\\Users\\Chetan KM\\PycharmProjects\\TestingProject\\AIF_Investor_Onboarding\\conftest.py\", line 64, in _select_dropdown_option\n    select.select_by_visible_text(visible_text)\n    ~~~~~~~~~~~~~~~~~~~~~~~~~~~~~^^^^^^^^^^^^^^\n  File \"C:\\Users\\Chetan KM\\PycharmProjects\\TestingProject\\.venv\\Lib\\site-packages\\selenium\\webdriver\\support\\select.py\", line 139, in select_by_visible_text\n    raise NoSuchElementException(f\"Could not locate element with visible text: {text}\")\n","steps":[],"attachments":[],"parameters":[],"stepsCount":0,"attachmentsCount":0,"shouldDisplayMessage":true,"attachmentStep":false,"hasContent":true}],"attachments":[],"parameters":[],"stepsCount":7,"attachmentsCount":0,"shouldDisplayMessage":true,"attachmentStep":false,"hasContent":true},"afterStages":[{"name":"setup::0","time":{"start":1753276905059,"stop":1753276907295,"duration":2236},"status":"passed","steps":[],"attachments":[],"parameters":[],"stepsCount":0,"attachmentsCount":0,"shouldDisplayMessage":false,"attachmentStep":false,"hasContent":false}],"labels":[{"name":"feature","value":"AIF_Investor_Onboarding"},{"name":"parentSuite","value":"AIF_Investor_Onboarding"},{"name":"suite","value":"Test_IO_001"},{"name":"host","value":"HP"},{"name":"thread","value":"18356-MainThread"},{"name":"framework","value":"pytest"},{"name":"language","value":"cpython3"},{"name":"package","value":"AIF_Investor_Onboarding.Test_IO_001"},{"name":"resultFormat","value":"allure2"}],"parameters":[{"name":"setup","value":"'chrome'"}],"links":[],"hidden":true,"retry":true,"extra":{"categories":[],"tags":[]},"source":"fb6db5d0fb774934.json","parameterValues":["'chrome'"]}